Log file open, 05/28/22 09:18:28
LogWindows: Failed to load 'aqProf.dll' (GetLastError=126)
LogWindows: File 'aqProf.dll' does not exist
LogWindows: Failed to load 'VtuneApi.dll' (GetLastError=126)
LogWindows: File 'VtuneApi.dll' does not exist
LogWindows: Failed to load 'VtuneApi32e.dll' (GetLastError=126)
LogWindows: File 'VtuneApi32e.dll' does not exist
LogConsoleResponse: Display: Failed to find resolution value strings in scalability ini. Falling back to default.
LogConsoleResponse: Display: Failed to find resolution value strings in scalability ini. Falling back to default.
LogInit: Display: Running engine for game: CombatMap_LD
LogPlatformFile: Not using cached read wrapper
LogTaskGraph: Started task graph with 5 named threads and 35 total threads with 3 sets of task threads.
LogStats: Stats thread started at 0.279557
LogICUInternationalization: ICU TimeZone Detection - Raw Offset: +1:00, Platform Override: ''
LogInit: Display: Loading text-based GConfig....
LogPluginManager: Mounting plugin MeshPainting
LogPluginManager: Mounting plugin XGEController
LogPluginManager: Mounting plugin Paper2D
LogPluginManager: Mounting plugin AISupport
LogPluginManager: Mounting plugin EnvironmentQueryEditor
LogPluginManager: Mounting plugin LightPropagationVolume
LogPluginManager: Mounting plugin LiveLink
LogPluginManager: Mounting plugin OodleNetwork
LogPluginManager: Mounting plugin OodleData
LogPluginManager: Mounting plugin GameplayCameras
LogPluginManager: Mounting plugin AnimationSharing
LogPluginManager: Mounting plugin CameraShakePreviewer
LogPluginManager: Mounting plugin CodeLiteSourceCodeAccess
LogPluginManager: Mounting plugin KDevelopSourceCodeAccess
LogPluginManager: Mounting plugin GitSourceControl
LogPluginManager: Mounting plugin CLionSourceCodeAccess
LogPluginManager: Mounting plugin PixWinPlugin
LogPluginManager: Mounting plugin NullSourceCodeAccess
LogPluginManager: Mounting plugin PlasticSourceControl
LogPluginManager: Mounting plugin PerforceSourceControl
LogPluginManager: Mounting plugin PropertyAccessNode
LogPluginManager: Mounting plugin PluginUtils
LogPluginManager: Mounting plugin RiderSourceCodeAccess
LogPluginManager: Mounting plugin SubversionSourceControl
LogPluginManager: Mounting plugin TextureFormatOodle
LogPluginManager: Mounting plugin UObjectPlugin
LogPluginManager: Mounting plugin VisualStudioCodeSourceCodeAccess
LogPluginManager: Mounting plugin VisualStudioSourceCodeAccess
LogPluginManager: Mounting plugin AssetManagerEditor
LogPluginManager: Mounting plugin XCodeSourceCodeAccess
LogPluginManager: Mounting plugin CryptoKeys
LogPluginManager: Mounting plugin DataValidation
LogPluginManager: Mounting plugin CurveEditorTools
LogPluginManager: Mounting plugin FacialAnimation
LogPluginManager: Mounting plugin GameplayTagsEditor
LogPluginManager: Mounting plugin GeometryMode
LogPluginManager: Mounting plugin MaterialAnalyzer
LogPluginManager: Mounting plugin MacGraphicsSwitching
LogPluginManager: Mounting plugin MobileLauncherProfileWizard
LogPluginManager: Mounting plugin PluginBrowser
LogPluginManager: Mounting plugin SpeedTreeImporter
LogPluginManager: Mounting plugin DatasmithContent
LogPluginManager: Mounting plugin Niagara
LogPluginManager: Mounting plugin VariantManagerContent
LogPluginManager: Mounting plugin AlembicImporter
LogPluginManager: Mounting plugin AutomationUtils
LogPluginManager: Mounting plugin BackChannel
LogPluginManager: Mounting plugin ChaosClothEditor
LogPluginManager: Mounting plugin ChaosCloth
LogPluginManager: Mounting plugin ChaosEditor
LogPluginManager: Mounting plugin ChaosNiagara
LogPluginManager: Mounting plugin LuminPlatformFeatures
LogPluginManager: Mounting plugin ChaosSolverPlugin
LogPluginManager: Mounting plugin MagicLeap
LogPluginManager: Mounting plugin MagicLeapLightEstimation
LogPluginManager: Mounting plugin CharacterAI
LogPluginManager: Mounting plugin MagicLeapMedia
LogPluginManager: Mounting plugin MagicLeapPassableWorld
LogPluginManager: Mounting plugin GeometryCache
LogPluginManager: Mounting plugin GeometryCollectionPlugin
LogPluginManager: Mounting plugin AndroidMedia
LogPluginManager: Mounting plugin AvfMedia
LogPluginManager: Mounting plugin ImgMedia
LogPluginManager: Mounting plugin MediaPlayerEditor
LogPluginManager: Mounting plugin MediaCompositing
LogPluginManager: Mounting plugin WmfMedia
LogPluginManager: Mounting plugin GeometryProcessing
LogPluginManager: Mounting plugin OpenImageDenoise
LogPluginManager: Mounting plugin WebMMedia
LogPluginManager: Mounting plugin MotoSynth
LogPluginManager: Mounting plugin PlatformCrypto
LogPluginManager: Mounting plugin PlanarCut
LogPluginManager: Mounting plugin ProxyLODPlugin
LogPluginManager: Mounting plugin PythonScriptPlugin
LogPluginManager: Mounting plugin SkeletalReduction
LogPluginManager: Mounting plugin MatineeToLevelSequence
LogPluginManager: Mounting plugin LevelSequenceEditor
LogPluginManager: Mounting plugin TemplateSequence
LogPluginManager: Mounting plugin ActorSequence
LogPluginManager: Mounting plugin MLSDK
LogPluginManager: Mounting plugin OnlineSubsystem
LogPluginManager: Mounting plugin LauncherChunkInstaller
LogPluginManager: Mounting plugin OnlineSubsystemNull
LogPluginManager: Mounting plugin ActorLayerUtilities
LogPluginManager: Mounting plugin OnlineSubsystemUtils
LogPluginManager: Mounting plugin AndroidDeviceProfileSelector
LogPluginManager: Mounting plugin AndroidMoviePlayer
LogPluginManager: Mounting plugin AndroidPermission
LogPluginManager: Mounting plugin ArchVisCharacter
LogPluginManager: Mounting plugin AppleImageUtils
LogPluginManager: Mounting plugin AppleMoviePlayer
LogPluginManager: Mounting plugin AssetTags
LogPluginManager: Mounting plugin AudioCapture
LogPluginManager: Mounting plugin AudioSynesthesia
LogPluginManager: Mounting plugin CableComponent
LogPluginManager: Mounting plugin ChunkDownloader
LogPluginManager: Mounting plugin ExampleDeviceProfileSelector
LogPluginManager: Mounting plugin CustomMeshComponent
LogPluginManager: Mounting plugin GoogleCloudMessaging
LogPluginManager: Mounting plugin GooglePAD
LogPluginManager: Mounting plugin EditableMesh
LogPluginManager: Mounting plugin IOSDeviceProfileSelector
LogPluginManager: Mounting plugin LinuxDeviceProfileSelector
LogPluginManager: Mounting plugin LocationServicesBPLibrary
LogPluginManager: Mounting plugin MobilePatchingUtils
LogPluginManager: Mounting plugin OpenXR
LogPluginManager: Mounting plugin OpenXREyeTracker
LogPluginManager: Mounting plugin OpenXRHandTracking
LogPluginManager: Mounting plugin PhysXVehicles
LogPluginManager: Mounting plugin TcpMessaging
LogPluginManager: Mounting plugin PostSplashScreen
LogPluginManager: Mounting plugin ProceduralMeshComponent
LogPluginManager: Mounting plugin PropertyAccessEditor
LogPluginManager: Mounting plugin ScreenshotTools
LogPluginManager: Mounting plugin UdpMessaging
LogPluginManager: Mounting plugin SignificanceManager
LogPluginManager: Mounting plugin RuntimePhysXCooking
LogPluginManager: Mounting plugin SoundFields
LogPluginManager: Mounting plugin Synthesis
LogPluginManager: Mounting plugin WebMMoviePlayer
LogPluginManager: Mounting plugin WindowsMoviePlayer
LogPluginManager: Mounting plugin Takes
LogPluginManager: Mounting plugin ContentBrowserAssetDataSource
LogPluginManager: Mounting plugin ContentBrowserClassDataSource
LogPluginManager: Mounting plugin ContentBrowserFileDataSource
LogPluginManager: Mounting plugin OnlineSubsystemIOS
LogPluginManager: Mounting plugin OnlineSubsystemGooglePlay
LogPluginManager: Mounting plugin OculusVR
LogPluginManager: Mounting plugin SteamVR
PixWinPlugin: PIX capture plugin failed to initialize! Check that the process is launched from PIX.
LogInit: Using libcurl 7.55.1-DEV
LogInit:  - built for x86_64-pc-win32
LogInit:  - supports SSL with OpenSSL/1.1.1
LogInit:  - supports HTTP deflate (compression) using libz 1.2.8
LogInit:  - other features:
LogInit:      CURL_VERSION_SSL
LogInit:      CURL_VERSION_LIBZ
LogInit:      CURL_VERSION_IPV6
LogInit:      CURL_VERSION_ASYNCHDNS
LogInit:      CURL_VERSION_LARGEFILE
LogInit:      CURL_VERSION_IDN
LogInit:  CurlRequestOptions (configurable via config and command line):
LogInit:  - bVerifyPeer = true  - Libcurl will verify peer certificate
LogInit:  - bUseHttpProxy = false  - Libcurl will NOT use HTTP proxy
LogInit:  - bDontReuseConnections = false  - Libcurl will reuse connections
LogInit:  - MaxHostConnections = 16  - Libcurl will limit the number of connections to a host
LogInit:  - LocalHostAddr = Default
LogInit:  - BufferSize = 65536
LogOnline: OSS: Creating online subsystem instance for: NULL
LogInit: WinSock: version 1.1 (2.2), MaxSocks=32767, MaxUdp=65467
LogOnline: OSS: TryLoadSubsystemAndSetDefault: Loaded subsystem for module [NULL]
LogOculusPluginWrapper: OculusPlugin initialized successfully
LogHMD: Failed initializing OVRPlugin 1.59.0
LogInit: Build: ++UE4+Release-4.27-CL-18319896
LogInit: Engine Version: 4.27.2-18319896+++UE4+Release-4.27
LogInit: Compatible Engine Version: 4.27.0-17155196+++UE4+Release-4.27
LogInit: Net CL: 17155196
LogInit: OS: Windows 10 (Release 2009) (), CPU: Intel(R) Core(TM) i7-8700 CPU @ 3.20GHz, GPU: NVIDIA GeForce RTX 2060
LogInit: Compiled (64-bit): Nov 30 2021 07:12:08
LogInit: Compiled with Visual C++: 19.24.28315.00
LogInit: Build Configuration: Development
LogInit: Branch Name: ++UE4+Release-4.27
LogInit: Command Line: 
LogInit: Base Directory: D:/Unreal/UE_4.27/Engine/Binaries/Win64/
LogInit: Allocator: TBB
LogInit: Installed Engine Build: 1
LogDevObjectVersion: Number of dev versions registered: 29
LogDevObjectVersion:   Dev-Blueprints (B0D832E4-1F89-4F0D-ACCF-7EB736FD4AA2): 10
LogDevObjectVersion:   Dev-Build (E1C64328-A22C-4D53-A36C-8E866417BD8C): 0
LogDevObjectVersion:   Dev-Core (375EC13C-06E4-48FB-B500-84F0262A717E): 4
LogDevObjectVersion:   Dev-Editor (E4B068ED-F494-42E9-A231-DA0B2E46BB41): 40
LogDevObjectVersion:   Dev-Framework (CFFC743F-43B0-4480-9391-14DF171D2073): 37
LogDevObjectVersion:   Dev-Mobile (B02B49B5-BB20-44E9-A304-32B752E40360): 3
LogDevObjectVersion:   Dev-Networking (A4E4105C-59A1-49B5-A7C5-40C4547EDFEE): 0
LogDevObjectVersion:   Dev-Online (39C831C9-5AE6-47DC-9A44-9C173E1C8E7C): 0
LogDevObjectVersion:   Dev-Physics (78F01B33-EBEA-4F98-B9B4-84EACCB95AA2): 14
LogDevObjectVersion:   Dev-Platform (6631380F-2D4D-43E0-8009-CF276956A95A): 0
LogDevObjectVersion:   Dev-Rendering (12F88B9F-8875-4AFC-A67C-D90C383ABD29): 45
LogDevObjectVersion:   Dev-Sequencer (7B5AE74C-D270-4C10-A958-57980B212A5A): 13
LogDevObjectVersion:   Dev-VR (D7296918-1DD6-4BDD-9DE2-64A83CC13884): 3
LogDevObjectVersion:   Dev-LoadTimes (C2A15278-BFE7-4AFE-6C17-90FF531DF755): 1
LogDevObjectVersion:   Private-Geometry (6EACA3D4-40EC-4CC1-B786-8BED09428FC5): 3
LogDevObjectVersion:   Dev-AnimPhys (29E575DD-E0A3-4627-9D10-D276232CDCEA): 17
LogDevObjectVersion:   Dev-Anim (AF43A65D-7FD3-4947-9873-3E8ED9C1BB05): 15
LogDevObjectVersion:   Dev-ReflectionCapture (6B266CEC-1EC7-4B8F-A30B-E4D90942FC07): 1
LogDevObjectVersion:   Dev-Automation (0DF73D61-A23F-47EA-B727-89E90C41499A): 1
LogDevObjectVersion:   FortniteMain (601D1886-AC64-4F84-AA16-D3DE0DEAC7D6): 47
LogDevObjectVersion:   FortniteRelease (E7086368-6B23-4C58-8439-1B7016265E91): 1
LogDevObjectVersion:   Dev-Enterprise (9DFFBCD6-494F-0158-E221-12823C92A888): 10
LogDevObjectVersion:   Dev-Niagara (F2AED0AC-9AFE-416F-8664-AA7FFA26D6FC): 1
LogDevObjectVersion:   Dev-Destruction (174F1F0B-B4C6-45A5-B13F-2EE8D0FB917D): 10
LogDevObjectVersion:   Dev-Physics-Ext (35F94A83-E258-406C-A318-09F59610247C): 41
LogDevObjectVersion:   Dev-PhysicsMaterial-Chaos (B68FC16E-8B1B-42E2-B453-215C058844FE): 1
LogDevObjectVersion:   Dev-CineCamera (B2E18506-4273-CFC2-A54E-F4BB758BBA07): 1
LogDevObjectVersion:   Dev-VirtualProduction (64F58936-FD1B-42BA-BA96-7289D5D0FA4E): 1
LogDevObjectVersion:   Dev-MediaFramework (6F0ED827-A609-4895-9C91-998D90180EA4): 2
LogInit: Presizing for max 25165824 objects, including 0 objects not considered by GC, pre-allocating 0 bytes for permanent pool.
LogConfig: Applying CVar settings from Section [/Script/Engine.StreamingSettings] File [C:/Users/fcbal/Documents/GitHub/CombatMap-LD/CombatMap_LD/Saved/Config/Windows/Engine.ini]
LogConfig: Setting CVar [[s.MinBulkDataSizeForAsyncLoading:131072]]
LogConfig: Setting CVar [[s.AsyncLoadingThreadEnabled:0]]
LogConfig: Setting CVar [[s.EventDrivenLoaderEnabled:1]]
LogConfig: Setting CVar [[s.WarnIfTimeLimitExceeded:0]]
LogConfig: Setting CVar [[s.TimeLimitExceededMultiplier:1.5]]
LogConfig: Setting CVar [[s.TimeLimitExceededMinTime:0.005]]
LogConfig: Setting CVar [[s.UseBackgroundLevelStreaming:1]]
LogConfig: Setting CVar [[s.PriorityAsyncLoadingExtraTime:15.0]]
LogConfig: Setting CVar [[s.LevelStreamingActorsUpdateTimeLimit:5.0]]
LogConfig: Setting CVar [[s.PriorityLevelStreamingActorsUpdateExtraTime:5.0]]
LogConfig: Setting CVar [[s.LevelStreamingComponentsRegistrationGranularity:10]]
LogConfig: Setting CVar [[s.UnregisterComponentsTimeLimit:1.0]]
LogConfig: Setting CVar [[s.LevelStreamingComponentsUnregistrationGranularity:5]]
LogConfig: Setting CVar [[s.FlushStreamingOnExit:1]]
LogInit: Object subsystem initialized
LogConfig: Setting CVar [[con.DebugEarlyDefault:1]]
LogConfig: Setting CVar [[r.setres:1280x720]]
[2022.05.28-07.18.29:353][  0]LogConfig: Setting CVar [[r.VSync:0]]
[2022.05.28-07.18.29:353][  0]LogConfig: Setting CVar [[r.RHICmdBypass:0]]
[2022.05.28-07.18.29:353][  0]LogConfig: Applying CVar settings from Section [/Script/Engine.RendererSettings] File [C:/Users/fcbal/Documents/GitHub/CombatMap-LD/CombatMap_LD/Saved/Config/Windows/Engine.ini]
[2022.05.28-07.18.29:353][  0]LogConfig: Setting CVar [[r.GPUCrashDebugging:0]]
[2022.05.28-07.18.29:353][  0]LogConfig: Applying CVar settings from Section [/Script/Engine.RendererOverrideSettings] File [C:/Users/fcbal/Documents/GitHub/CombatMap-LD/CombatMap_LD/Saved/Config/Windows/Engine.ini]
[2022.05.28-07.18.29:353][  0]LogConfig: Applying CVar settings from Section [/Script/Engine.StreamingSettings] File [C:/Users/fcbal/Documents/GitHub/CombatMap-LD/CombatMap_LD/Saved/Config/Windows/Engine.ini]
[2022.05.28-07.18.29:353][  0]LogConfig: Setting CVar [[s.MinBulkDataSizeForAsyncLoading:131072]]
[2022.05.28-07.18.29:353][  0]LogConfig: Setting CVar [[s.AsyncLoadingThreadEnabled:0]]
[2022.05.28-07.18.29:353][  0]LogConfig: Setting CVar [[s.EventDrivenLoaderEnabled:1]]
[2022.05.28-07.18.29:353][  0]LogConfig: Setting CVar [[s.WarnIfTimeLimitExceeded:0]]
[2022.05.28-07.18.29:353][  0]LogConfig: Setting CVar [[s.TimeLimitExceededMultiplier:1.5]]
[2022.05.28-07.18.29:353][  0]LogConfig: Setting CVar [[s.TimeLimitExceededMinTime:0.005]]
[2022.05.28-07.18.29:353][  0]LogConfig: Setting CVar [[s.UseBackgroundLevelStreaming:1]]
[2022.05.28-07.18.29:353][  0]LogConfig: Setting CVar [[s.PriorityAsyncLoadingExtraTime:15.0]]
[2022.05.28-07.18.29:353][  0]LogConfig: Setting CVar [[s.LevelStreamingActorsUpdateTimeLimit:5.0]]
[2022.05.28-07.18.29:353][  0]LogConfig: Setting CVar [[s.PriorityLevelStreamingActorsUpdateExtraTime:5.0]]
[2022.05.28-07.18.29:353][  0]LogConfig: Setting CVar [[s.LevelStreamingComponentsRegistrationGranularity:10]]
[2022.05.28-07.18.29:353][  0]LogConfig: Setting CVar [[s.UnregisterComponentsTimeLimit:1.0]]
[2022.05.28-07.18.29:353][  0]LogConfig: Setting CVar [[s.LevelStreamingComponentsUnregistrationGranularity:5]]
[2022.05.28-07.18.29:353][  0]LogConfig: Setting CVar [[s.FlushStreamingOnExit:1]]
[2022.05.28-07.18.29:353][  0]LogConfig: Applying CVar settings from Section [/Script/Engine.GarbageCollectionSettings] File [C:/Users/fcbal/Documents/GitHub/CombatMap-LD/CombatMap_LD/Saved/Config/Windows/Engine.ini]
[2022.05.28-07.18.29:353][  0]LogConfig: Setting CVar [[gc.MaxObjectsNotConsideredByGC:1]]
[2022.05.28-07.18.29:353][  0]LogConfig: Setting CVar [[gc.SizeOfPermanentObjectPool:0]]
[2022.05.28-07.18.29:353][  0]LogConfig: Setting CVar [[gc.FlushStreamingOnGC:0]]
[2022.05.28-07.18.29:353][  0]LogConfig: Setting CVar [[gc.NumRetriesBeforeForcingGC:10]]
[2022.05.28-07.18.29:353][  0]LogConfig: Setting CVar [[gc.AllowParallelGC:1]]
[2022.05.28-07.18.29:353][  0]LogConfig: Setting CVar [[gc.TimeBetweenPurgingPendingKillObjects:61.1]]
[2022.05.28-07.18.29:353][  0]LogConfig: Setting CVar [[gc.MaxObjectsInEditor:25165824]]
[2022.05.28-07.18.29:353][  0]LogConfig: Setting CVar [[gc.IncrementalBeginDestroyEnabled:1]]
[2022.05.28-07.18.29:353][  0]LogConfig: Setting CVar [[gc.CreateGCClusters:1]]
[2022.05.28-07.18.29:353][  0]LogConfig: Setting CVar [[gc.MinGCClusterSize:5]]
[2022.05.28-07.18.29:353][  0]LogConfig: Setting CVar [[gc.ActorClusteringEnabled:0]]
[2022.05.28-07.18.29:353][  0]LogConfig: Setting CVar [[gc.BlueprintClusteringEnabled:0]]
[2022.05.28-07.18.29:353][  0]LogConfig: Setting CVar [[gc.UseDisregardForGCOnDedicatedServers:0]]
[2022.05.28-07.18.29:353][  0]LogConfig: Setting CVar [[gc.MultithreadedDestructionEnabled:1]]
[2022.05.28-07.18.29:353][  0]LogConfig: Applying CVar settings from Section [/Script/Engine.NetworkSettings] File [C:/Users/fcbal/Documents/GitHub/CombatMap-LD/CombatMap_LD/Saved/Config/Windows/Engine.ini]
[2022.05.28-07.18.29:353][  0]LogConfig: Applying CVar settings from Section [/Script/UnrealEd.CookerSettings] File [C:/Users/fcbal/Documents/GitHub/CombatMap-LD/CombatMap_LD/Saved/Config/Windows/Engine.ini]
[2022.05.28-07.18.29:364][  0]LogConfig: Applying CVar settings from Section [ViewDistanceQuality@3] File [C:/Users/fcbal/Documents/GitHub/CombatMap-LD/CombatMap_LD/Saved/Config/Windows/Scalability.ini]
[2022.05.28-07.18.29:364][  0]LogConfig: Setting CVar [[r.SkeletalMeshLODBias:0]]
[2022.05.28-07.18.29:364][  0]LogConfig: Setting CVar [[r.ViewDistanceScale:1.0]]
[2022.05.28-07.18.29:364][  0]LogConfig: Applying CVar settings from Section [AntiAliasingQuality@3] File [C:/Users/fcbal/Documents/GitHub/CombatMap-LD/CombatMap_LD/Saved/Config/Windows/Scalability.ini]
[2022.05.28-07.18.29:364][  0]LogConfig: Setting CVar [[r.PostProcessAAQuality:4]]
[2022.05.28-07.18.29:364][  0]LogConfig: Applying CVar settings from Section [ShadowQuality@3] File [C:/Users/fcbal/Documents/GitHub/CombatMap-LD/CombatMap_LD/Saved/Config/Windows/Scalability.ini]
[2022.05.28-07.18.29:364][  0]LogConfig: Setting CVar [[r.LightFunctionQuality:1]]
[2022.05.28-07.18.29:364][  0]LogConfig: Setting CVar [[r.ShadowQuality:5]]
[2022.05.28-07.18.29:364][  0]LogConfig: Setting CVar [[r.Shadow.CSM.MaxCascades:10]]
[2022.05.28-07.18.29:364][  0]LogConfig: Setting CVar [[r.Shadow.MaxResolution:2048]]
[2022.05.28-07.18.29:364][  0]LogConfig: Setting CVar [[r.Shadow.MaxCSMResolution:2048]]
[2022.05.28-07.18.29:364][  0]LogConfig: Setting CVar [[r.Shadow.RadiusThreshold:0.01]]
[2022.05.28-07.18.29:364][  0]LogConfig: Setting CVar [[r.Shadow.DistanceScale:1.0]]
[2022.05.28-07.18.29:364][  0]LogConfig: Setting CVar [[r.Shadow.CSM.TransitionScale:1.0]]
[2022.05.28-07.18.29:364][  0]LogConfig: Setting CVar [[r.Shadow.PreShadowResolutionFactor:1.0]]
[2022.05.28-07.18.29:364][  0]LogConfig: Setting CVar [[r.DistanceFieldShadowing:1]]
[2022.05.28-07.18.29:364][  0]LogConfig: Setting CVar [[r.DistanceFieldAO:1]]
[2022.05.28-07.18.29:364][  0]LogConfig: Setting CVar [[r.AOQuality:2]]
[2022.05.28-07.18.29:364][  0]LogConfig: Setting CVar [[r.VolumetricFog:1]]
[2022.05.28-07.18.29:364][  0]LogConfig: Setting CVar [[r.VolumetricFog.GridPixelSize:8]]
[2022.05.28-07.18.29:364][  0]LogConfig: Setting CVar [[r.VolumetricFog.GridSizeZ:128]]
[2022.05.28-07.18.29:364][  0]LogConfig: Setting CVar [[r.VolumetricFog.HistoryMissSupersampleCount:4]]
[2022.05.28-07.18.29:364][  0]LogConfig: Setting CVar [[r.LightMaxDrawDistanceScale:1]]
[2022.05.28-07.18.29:364][  0]LogConfig: Setting CVar [[r.CapsuleShadows:1]]
[2022.05.28-07.18.29:364][  0]LogConfig: Applying CVar settings from Section [PostProcessQuality@3] File [C:/Users/fcbal/Documents/GitHub/CombatMap-LD/CombatMap_LD/Saved/Config/Windows/Scalability.ini]
[2022.05.28-07.18.29:364][  0]LogConfig: Setting CVar [[r.MotionBlurQuality:4]]
[2022.05.28-07.18.29:364][  0]LogConfig: Setting CVar [[r.AmbientOcclusionMipLevelFactor:0.4]]
[2022.05.28-07.18.29:364][  0]LogConfig: Setting CVar [[r.AmbientOcclusionMaxQuality:100]]
[2022.05.28-07.18.29:364][  0]LogConfig: Setting CVar [[r.AmbientOcclusionLevels:-1]]
[2022.05.28-07.18.29:364][  0]LogConfig: Setting CVar [[r.AmbientOcclusionRadiusScale:1.0]]
[2022.05.28-07.18.29:364][  0]LogConfig: Setting CVar [[r.DepthOfFieldQuality:2]]
[2022.05.28-07.18.29:364][  0]LogConfig: Setting CVar [[r.RenderTargetPoolMin:400]]
[2022.05.28-07.18.29:364][  0]LogConfig: Setting CVar [[r.LensFlareQuality:2]]
[2022.05.28-07.18.29:364][  0]LogConfig: Setting CVar [[r.SceneColorFringeQuality:1]]
[2022.05.28-07.18.29:364][  0]LogConfig: Setting CVar [[r.EyeAdaptationQuality:2]]
[2022.05.28-07.18.29:364][  0]LogConfig: Setting CVar [[r.BloomQuality:5]]
[2022.05.28-07.18.29:364][  0]LogConfig: Setting CVar [[r.FastBlurThreshold:100]]
[2022.05.28-07.18.29:364][  0]LogConfig: Setting CVar [[r.Upscale.Quality:3]]
[2022.05.28-07.18.29:364][  0]LogConfig: Setting CVar [[r.Tonemapper.GrainQuantization:1]]
[2022.05.28-07.18.29:364][  0]LogConfig: Setting CVar [[r.LightShaftQuality:1]]
[2022.05.28-07.18.29:364][  0]LogConfig: Setting CVar [[r.Filter.SizeScale:1]]
[2022.05.28-07.18.29:364][  0]LogConfig: Setting CVar [[r.Tonemapper.Quality:5]]
[2022.05.28-07.18.29:364][  0]LogConfig: Setting CVar [[r.DOF.Gather.AccumulatorQuality:1        ; higher gathering accumulator quality]]
[2022.05.28-07.18.29:364][  0]LogConfig: Setting CVar [[r.DOF.Gather.PostfilterMethod:1          ; Median3x3 postfilering method]]
[2022.05.28-07.18.29:364][  0]LogConfig: Setting CVar [[r.DOF.Gather.EnableBokehSettings:0       ; no bokeh simulation when gathering]]
[2022.05.28-07.18.29:364][  0]LogConfig: Setting CVar [[r.DOF.Gather.RingCount:4                 ; medium number of samples when gathering]]
[2022.05.28-07.18.29:364][  0]LogConfig: Setting CVar [[r.DOF.Scatter.ForegroundCompositing:1    ; additive foreground scattering]]
[2022.05.28-07.18.29:364][  0]LogConfig: Setting CVar [[r.DOF.Scatter.BackgroundCompositing:2    ; additive background scattering]]
[2022.05.28-07.18.29:364][  0]LogConfig: Setting CVar [[r.DOF.Scatter.EnableBokehSettings:1      ; bokeh simulation when scattering]]
[2022.05.28-07.18.29:364][  0]LogConfig: Setting CVar [[r.DOF.Scatter.MaxSpriteRatio:0.1         ; only a maximum of 10% of scattered bokeh]]
[2022.05.28-07.18.29:364][  0]LogConfig: Setting CVar [[r.DOF.Recombine.Quality:1                ; cheap slight out of focus]]
[2022.05.28-07.18.29:364][  0]LogConfig: Setting CVar [[r.DOF.Recombine.EnableBokehSettings:0    ; no bokeh simulation on slight out of focus]]
[2022.05.28-07.18.29:364][  0]LogConfig: Setting CVar [[r.DOF.TemporalAAQuality:1                ; more stable temporal accumulation]]
[2022.05.28-07.18.29:364][  0]LogConfig: Setting CVar [[r.DOF.Kernel.MaxForegroundRadius:0.025]]
[2022.05.28-07.18.29:364][  0]LogConfig: Setting CVar [[r.DOF.Kernel.MaxBackgroundRadius:0.025]]
[2022.05.28-07.18.29:364][  0]LogConfig: Applying CVar settings from Section [TextureQuality@3] File [C:/Users/fcbal/Documents/GitHub/CombatMap-LD/CombatMap_LD/Saved/Config/Windows/Scalability.ini]
[2022.05.28-07.18.29:364][  0]LogConfig: Setting CVar [[r.Streaming.MipBias:0]]
[2022.05.28-07.18.29:364][  0]LogConfig: Setting CVar [[r.Streaming.AmortizeCPUToGPUCopy:0]]
[2022.05.28-07.18.29:364][  0]LogConfig: Setting CVar [[r.Streaming.MaxNumTexturesToStreamPerFrame:0]]
[2022.05.28-07.18.29:364][  0]LogConfig: Setting CVar [[r.Streaming.Boost:1]]
[2022.05.28-07.18.29:364][  0]LogConfig: Setting CVar [[r.MaxAnisotropy:8]]
[2022.05.28-07.18.29:365][  0]LogConfig: Setting CVar [[r.VT.MaxAnisotropy:8]]
[2022.05.28-07.18.29:365][  0]LogConfig: Setting CVar [[r.Streaming.LimitPoolSizeToVRAM:0]]
[2022.05.28-07.18.29:365][  0]LogConfig: Setting CVar [[r.Streaming.PoolSize:1000]]
[2022.05.28-07.18.29:365][  0]LogConfig: Setting CVar [[r.Streaming.MaxEffectiveScreenSize:0]]
[2022.05.28-07.18.29:365][  0]LogConfig: Applying CVar settings from Section [EffectsQuality@3] File [C:/Users/fcbal/Documents/GitHub/CombatMap-LD/CombatMap_LD/Saved/Config/Windows/Scalability.ini]
[2022.05.28-07.18.29:365][  0]LogConfig: Setting CVar [[r.TranslucencyLightingVolumeDim:64]]
[2022.05.28-07.18.29:365][  0]LogConfig: Setting CVar [[r.RefractionQuality:2]]
[2022.05.28-07.18.29:365][  0]LogConfig: Setting CVar [[r.SSR.Quality:3]]
[2022.05.28-07.18.29:365][  0]LogConfig: Setting CVar [[r.SSR.HalfResSceneColor:0]]
[2022.05.28-07.18.29:365][  0]LogConfig: Setting CVar [[r.SceneColorFormat:4]]
[2022.05.28-07.18.29:365][  0]LogConfig: Setting CVar [[r.DetailMode:2]]
[2022.05.28-07.18.29:365][  0]LogConfig: Setting CVar [[r.TranslucencyVolumeBlur:1]]
[2022.05.28-07.18.29:365][  0]LogConfig: Setting CVar [[r.MaterialQualityLevel:1 ; High quality]]
[2022.05.28-07.18.29:365][  0]LogConfig: Setting CVar [[r.AnisotropicMaterials:1]]
[2022.05.28-07.18.29:365][  0]LogConfig: Setting CVar [[r.SSS.Scale:1]]
[2022.05.28-07.18.29:365][  0]LogConfig: Setting CVar [[r.SSS.SampleSet:2]]
[2022.05.28-07.18.29:365][  0]LogConfig: Setting CVar [[r.SSS.Quality:1]]
[2022.05.28-07.18.29:365][  0]LogConfig: Setting CVar [[r.SSS.HalfRes:0]]
[2022.05.28-07.18.29:365][  0]LogConfig: Setting CVar [[r.SSGI.Quality:3]]
[2022.05.28-07.18.29:365][  0]LogConfig: Setting CVar [[r.EmitterSpawnRateScale:1.0]]
[2022.05.28-07.18.29:365][  0]LogConfig: Setting CVar [[r.ParticleLightQuality:2]]
[2022.05.28-07.18.29:365][  0]LogConfig: Setting CVar [[r.SkyAtmosphere.AerialPerspectiveLUT.FastApplyOnOpaque:1 ; Always have FastSkyLUT 1 in this case to avoid wrong sky]]
[2022.05.28-07.18.29:365][  0]LogConfig: Setting CVar [[r.SkyAtmosphere.AerialPerspectiveLUT.SampleCountMaxPerSlice:4]]
[2022.05.28-07.18.29:365][  0]LogConfig: Setting CVar [[r.SkyAtmosphere.AerialPerspectiveLUT.DepthResolution:16.0]]
[2022.05.28-07.18.29:365][  0]LogConfig: Setting CVar [[r.SkyAtmosphere.FastSkyLUT:1]]
[2022.05.28-07.18.29:365][  0]LogConfig: Setting CVar [[r.SkyAtmosphere.FastSkyLUT.SampleCountMin:4.0]]
[2022.05.28-07.18.29:365][  0]LogConfig: Setting CVar [[r.SkyAtmosphere.FastSkyLUT.SampleCountMax:128.0]]
[2022.05.28-07.18.29:365][  0]LogConfig: Setting CVar [[r.SkyAtmosphere.SampleCountMin:4.0]]
[2022.05.28-07.18.29:365][  0]LogConfig: Setting CVar [[r.SkyAtmosphere.SampleCountMax:128.0]]
[2022.05.28-07.18.29:365][  0]LogConfig: Setting CVar [[r.SkyAtmosphere.TransmittanceLUT.UseSmallFormat:0]]
[2022.05.28-07.18.29:365][  0]LogConfig: Setting CVar [[r.SkyAtmosphere.TransmittanceLUT.SampleCount:10.0]]
[2022.05.28-07.18.29:365][  0]LogConfig: Setting CVar [[r.SkyAtmosphere.MultiScatteringLUT.SampleCount:15.0]]
[2022.05.28-07.18.29:365][  0]LogConfig: Setting CVar [[r.SkyLight.RealTimeReflectionCapture:1]]
[2022.05.28-07.18.29:365][  0]LogConfig: Applying CVar settings from Section [FoliageQuality@3] File [C:/Users/fcbal/Documents/GitHub/CombatMap-LD/CombatMap_LD/Saved/Config/Windows/Scalability.ini]
[2022.05.28-07.18.29:365][  0]LogConfig: Setting CVar [[foliage.DensityScale:1.0]]
[2022.05.28-07.18.29:365][  0]LogConfig: Setting CVar [[grass.DensityScale:1.0]]
[2022.05.28-07.18.29:365][  0]LogConfig: Applying CVar settings from Section [ShadingQuality@3] File [C:/Users/fcbal/Documents/GitHub/CombatMap-LD/CombatMap_LD/Saved/Config/Windows/Scalability.ini]
[2022.05.28-07.18.29:365][  0]LogConfig: Setting CVar [[r.HairStrands.SkyLighting.IntegrationType:2]]
[2022.05.28-07.18.29:365][  0]LogConfig: Setting CVar [[r.HairStrands.SkyAO.SampleCount:4]]
[2022.05.28-07.18.29:365][  0]LogConfig: Setting CVar [[r.HairStrands.Visibility.MSAA.SamplePerPixel:4]]
[2022.05.28-07.18.29:365][  0]LogInit: Selected Device Profile: [Windows]
[2022.05.28-07.18.29:365][  0]LogInit: Applying CVar settings loaded from the selected device profile: [Windows]
[2022.05.28-07.18.29:365][  0]LogHAL: Display: Platform has ~ 16 GB [17111011328 / 17179869184 / 16], which maps to Larger [LargestMinGB=32, LargerMinGB=12, DefaultMinGB=8, SmallerMinGB=6, SmallestMinGB=0)
[2022.05.28-07.18.29:365][  0]LogInit: Going up to parent DeviceProfile []
[2022.05.28-07.18.29:365][  0]LogConfig: Applying CVar settings from Section [ViewDistanceQuality@3] File [C:/Users/fcbal/Documents/GitHub/CombatMap-LD/CombatMap_LD/Saved/Config/Windows/Scalability.ini]
[2022.05.28-07.18.29:365][  0]LogConfig: Setting CVar [[r.SkeletalMeshLODBias:0]]
[2022.05.28-07.18.29:365][  0]LogConfig: Setting CVar [[r.ViewDistanceScale:1.0]]
[2022.05.28-07.18.29:365][  0]LogConfig: Applying CVar settings from Section [AntiAliasingQuality@3] File [C:/Users/fcbal/Documents/GitHub/CombatMap-LD/CombatMap_LD/Saved/Config/Windows/Scalability.ini]
[2022.05.28-07.18.29:365][  0]LogConfig: Setting CVar [[r.PostProcessAAQuality:4]]
[2022.05.28-07.18.29:365][  0]LogConfig: Applying CVar settings from Section [ShadowQuality@3] File [C:/Users/fcbal/Documents/GitHub/CombatMap-LD/CombatMap_LD/Saved/Config/Windows/Scalability.ini]
[2022.05.28-07.18.29:365][  0]LogConfig: Setting CVar [[r.LightFunctionQuality:1]]
[2022.05.28-07.18.29:365][  0]LogConfig: Setting CVar [[r.ShadowQuality:5]]
[2022.05.28-07.18.29:365][  0]LogConfig: Setting CVar [[r.Shadow.CSM.MaxCascades:10]]
[2022.05.28-07.18.29:365][  0]LogConfig: Setting CVar [[r.Shadow.MaxResolution:2048]]
[2022.05.28-07.18.29:365][  0]LogConfig: Setting CVar [[r.Shadow.MaxCSMResolution:2048]]
[2022.05.28-07.18.29:365][  0]LogConfig: Setting CVar [[r.Shadow.RadiusThreshold:0.01]]
[2022.05.28-07.18.29:365][  0]LogConfig: Setting CVar [[r.Shadow.DistanceScale:1.0]]
[2022.05.28-07.18.29:365][  0]LogConfig: Setting CVar [[r.Shadow.CSM.TransitionScale:1.0]]
[2022.05.28-07.18.29:365][  0]LogConfig: Setting CVar [[r.Shadow.PreShadowResolutionFactor:1.0]]
[2022.05.28-07.18.29:365][  0]LogConfig: Setting CVar [[r.DistanceFieldShadowing:1]]
[2022.05.28-07.18.29:365][  0]LogConfig: Setting CVar [[r.DistanceFieldAO:1]]
[2022.05.28-07.18.29:365][  0]LogConfig: Setting CVar [[r.AOQuality:2]]
[2022.05.28-07.18.29:365][  0]LogConfig: Setting CVar [[r.VolumetricFog:1]]
[2022.05.28-07.18.29:365][  0]LogConfig: Setting CVar [[r.VolumetricFog.GridPixelSize:8]]
[2022.05.28-07.18.29:366][  0]LogConfig: Setting CVar [[r.VolumetricFog.GridSizeZ:128]]
[2022.05.28-07.18.29:366][  0]LogConfig: Setting CVar [[r.VolumetricFog.HistoryMissSupersampleCount:4]]
[2022.05.28-07.18.29:366][  0]LogConfig: Setting CVar [[r.LightMaxDrawDistanceScale:1]]
[2022.05.28-07.18.29:366][  0]LogConfig: Setting CVar [[r.CapsuleShadows:1]]
[2022.05.28-07.18.29:366][  0]LogConfig: Applying CVar settings from Section [PostProcessQuality@3] File [C:/Users/fcbal/Documents/GitHub/CombatMap-LD/CombatMap_LD/Saved/Config/Windows/Scalability.ini]
[2022.05.28-07.18.29:366][  0]LogConfig: Setting CVar [[r.MotionBlurQuality:4]]
[2022.05.28-07.18.29:366][  0]LogConfig: Setting CVar [[r.AmbientOcclusionMipLevelFactor:0.4]]
[2022.05.28-07.18.29:366][  0]LogConfig: Setting CVar [[r.AmbientOcclusionMaxQuality:100]]
[2022.05.28-07.18.29:366][  0]LogConfig: Setting CVar [[r.AmbientOcclusionLevels:-1]]
[2022.05.28-07.18.29:366][  0]LogConfig: Setting CVar [[r.AmbientOcclusionRadiusScale:1.0]]
[2022.05.28-07.18.29:366][  0]LogConfig: Setting CVar [[r.DepthOfFieldQuality:2]]
[2022.05.28-07.18.29:366][  0]LogConfig: Setting CVar [[r.RenderTargetPoolMin:400]]
[2022.05.28-07.18.29:366][  0]LogConfig: Setting CVar [[r.LensFlareQuality:2]]
[2022.05.28-07.18.29:366][  0]LogConfig: Setting CVar [[r.SceneColorFringeQuality:1]]
[2022.05.28-07.18.29:366][  0]LogConfig: Setting CVar [[r.EyeAdaptationQuality:2]]
[2022.05.28-07.18.29:366][  0]LogConfig: Setting CVar [[r.BloomQuality:5]]
[2022.05.28-07.18.29:366][  0]LogConfig: Setting CVar [[r.FastBlurThreshold:100]]
[2022.05.28-07.18.29:366][  0]LogConfig: Setting CVar [[r.Upscale.Quality:3]]
[2022.05.28-07.18.29:366][  0]LogConfig: Setting CVar [[r.Tonemapper.GrainQuantization:1]]
[2022.05.28-07.18.29:366][  0]LogConfig: Setting CVar [[r.LightShaftQuality:1]]
[2022.05.28-07.18.29:366][  0]LogConfig: Setting CVar [[r.Filter.SizeScale:1]]
[2022.05.28-07.18.29:366][  0]LogConfig: Setting CVar [[r.Tonemapper.Quality:5]]
[2022.05.28-07.18.29:366][  0]LogConfig: Setting CVar [[r.DOF.Gather.AccumulatorQuality:1        ; higher gathering accumulator quality]]
[2022.05.28-07.18.29:366][  0]LogConfig: Setting CVar [[r.DOF.Gather.PostfilterMethod:1          ; Median3x3 postfilering method]]
[2022.05.28-07.18.29:366][  0]LogConfig: Setting CVar [[r.DOF.Gather.EnableBokehSettings:0       ; no bokeh simulation when gathering]]
[2022.05.28-07.18.29:366][  0]LogConfig: Setting CVar [[r.DOF.Gather.RingCount:4                 ; medium number of samples when gathering]]
[2022.05.28-07.18.29:366][  0]LogConfig: Setting CVar [[r.DOF.Scatter.ForegroundCompositing:1    ; additive foreground scattering]]
[2022.05.28-07.18.29:366][  0]LogConfig: Setting CVar [[r.DOF.Scatter.BackgroundCompositing:2    ; additive background scattering]]
[2022.05.28-07.18.29:366][  0]LogConfig: Setting CVar [[r.DOF.Scatter.EnableBokehSettings:1      ; bokeh simulation when scattering]]
[2022.05.28-07.18.29:366][  0]LogConfig: Setting CVar [[r.DOF.Scatter.MaxSpriteRatio:0.1         ; only a maximum of 10% of scattered bokeh]]
[2022.05.28-07.18.29:366][  0]LogConfig: Setting CVar [[r.DOF.Recombine.Quality:1                ; cheap slight out of focus]]
[2022.05.28-07.18.29:366][  0]LogConfig: Setting CVar [[r.DOF.Recombine.EnableBokehSettings:0    ; no bokeh simulation on slight out of focus]]
[2022.05.28-07.18.29:366][  0]LogConfig: Setting CVar [[r.DOF.TemporalAAQuality:1                ; more stable temporal accumulation]]
[2022.05.28-07.18.29:366][  0]LogConfig: Setting CVar [[r.DOF.Kernel.MaxForegroundRadius:0.025]]
[2022.05.28-07.18.29:366][  0]LogConfig: Setting CVar [[r.DOF.Kernel.MaxBackgroundRadius:0.025]]
[2022.05.28-07.18.29:366][  0]LogConfig: Applying CVar settings from Section [TextureQuality@3] File [C:/Users/fcbal/Documents/GitHub/CombatMap-LD/CombatMap_LD/Saved/Config/Windows/Scalability.ini]
[2022.05.28-07.18.29:366][  0]LogConfig: Setting CVar [[r.Streaming.MipBias:0]]
[2022.05.28-07.18.29:366][  0]LogConfig: Setting CVar [[r.Streaming.AmortizeCPUToGPUCopy:0]]
[2022.05.28-07.18.29:366][  0]LogConfig: Setting CVar [[r.Streaming.MaxNumTexturesToStreamPerFrame:0]]
[2022.05.28-07.18.29:366][  0]LogConfig: Setting CVar [[r.Streaming.Boost:1]]
[2022.05.28-07.18.29:366][  0]LogConfig: Setting CVar [[r.MaxAnisotropy:8]]
[2022.05.28-07.18.29:366][  0]LogConfig: Setting CVar [[r.VT.MaxAnisotropy:8]]
[2022.05.28-07.18.29:366][  0]LogConfig: Setting CVar [[r.Streaming.LimitPoolSizeToVRAM:0]]
[2022.05.28-07.18.29:366][  0]LogConfig: Setting CVar [[r.Streaming.PoolSize:1000]]
[2022.05.28-07.18.29:366][  0]LogConfig: Setting CVar [[r.Streaming.MaxEffectiveScreenSize:0]]
[2022.05.28-07.18.29:366][  0]LogConfig: Applying CVar settings from Section [EffectsQuality@3] File [C:/Users/fcbal/Documents/GitHub/CombatMap-LD/CombatMap_LD/Saved/Config/Windows/Scalability.ini]
[2022.05.28-07.18.29:366][  0]LogConfig: Setting CVar [[r.TranslucencyLightingVolumeDim:64]]
[2022.05.28-07.18.29:366][  0]LogConfig: Setting CVar [[r.RefractionQuality:2]]
[2022.05.28-07.18.29:366][  0]LogConfig: Setting CVar [[r.SSR.Quality:3]]
[2022.05.28-07.18.29:366][  0]LogConfig: Setting CVar [[r.SSR.HalfResSceneColor:0]]
[2022.05.28-07.18.29:366][  0]LogConfig: Setting CVar [[r.SceneColorFormat:4]]
[2022.05.28-07.18.29:366][  0]LogConfig: Setting CVar [[r.DetailMode:2]]
[2022.05.28-07.18.29:366][  0]LogConfig: Setting CVar [[r.TranslucencyVolumeBlur:1]]
[2022.05.28-07.18.29:366][  0]LogConfig: Setting CVar [[r.MaterialQualityLevel:1 ; High quality]]
[2022.05.28-07.18.29:366][  0]LogConfig: Setting CVar [[r.AnisotropicMaterials:1]]
[2022.05.28-07.18.29:366][  0]LogConfig: Setting CVar [[r.SSS.Scale:1]]
[2022.05.28-07.18.29:366][  0]LogConfig: Setting CVar [[r.SSS.SampleSet:2]]
[2022.05.28-07.18.29:366][  0]LogConfig: Setting CVar [[r.SSS.Quality:1]]
[2022.05.28-07.18.29:366][  0]LogConfig: Setting CVar [[r.SSS.HalfRes:0]]
[2022.05.28-07.18.29:366][  0]LogConfig: Setting CVar [[r.SSGI.Quality:3]]
[2022.05.28-07.18.29:366][  0]LogConfig: Setting CVar [[r.EmitterSpawnRateScale:1.0]]
[2022.05.28-07.18.29:366][  0]LogConfig: Setting CVar [[r.ParticleLightQuality:2]]
[2022.05.28-07.18.29:366][  0]LogConfig: Setting CVar [[r.SkyAtmosphere.AerialPerspectiveLUT.FastApplyOnOpaque:1 ; Always have FastSkyLUT 1 in this case to avoid wrong sky]]
[2022.05.28-07.18.29:366][  0]LogConfig: Setting CVar [[r.SkyAtmosphere.AerialPerspectiveLUT.SampleCountMaxPerSlice:4]]
[2022.05.28-07.18.29:366][  0]LogConfig: Setting CVar [[r.SkyAtmosphere.AerialPerspectiveLUT.DepthResolution:16.0]]
[2022.05.28-07.18.29:366][  0]LogConfig: Setting CVar [[r.SkyAtmosphere.FastSkyLUT:1]]
[2022.05.28-07.18.29:366][  0]LogConfig: Setting CVar [[r.SkyAtmosphere.FastSkyLUT.SampleCountMin:4.0]]
[2022.05.28-07.18.29:366][  0]LogConfig: Setting CVar [[r.SkyAtmosphere.FastSkyLUT.SampleCountMax:128.0]]
[2022.05.28-07.18.29:366][  0]LogConfig: Setting CVar [[r.SkyAtmosphere.SampleCountMin:4.0]]
[2022.05.28-07.18.29:366][  0]LogConfig: Setting CVar [[r.SkyAtmosphere.SampleCountMax:128.0]]
[2022.05.28-07.18.29:366][  0]LogConfig: Setting CVar [[r.SkyAtmosphere.TransmittanceLUT.UseSmallFormat:0]]
[2022.05.28-07.18.29:366][  0]LogConfig: Setting CVar [[r.SkyAtmosphere.TransmittanceLUT.SampleCount:10.0]]
[2022.05.28-07.18.29:366][  0]LogConfig: Setting CVar [[r.SkyAtmosphere.MultiScatteringLUT.SampleCount:15.0]]
[2022.05.28-07.18.29:366][  0]LogConfig: Setting CVar [[r.SkyLight.RealTimeReflectionCapture:1]]
[2022.05.28-07.18.29:366][  0]LogConfig: Applying CVar settings from Section [FoliageQuality@3] File [C:/Users/fcbal/Documents/GitHub/CombatMap-LD/CombatMap_LD/Saved/Config/Windows/Scalability.ini]
[2022.05.28-07.18.29:366][  0]LogConfig: Setting CVar [[foliage.DensityScale:1.0]]
[2022.05.28-07.18.29:366][  0]LogConfig: Setting CVar [[grass.DensityScale:1.0]]
[2022.05.28-07.18.29:366][  0]LogConfig: Applying CVar settings from Section [ShadingQuality@3] File [C:/Users/fcbal/Documents/GitHub/CombatMap-LD/CombatMap_LD/Saved/Config/Windows/Scalability.ini]
[2022.05.28-07.18.29:366][  0]LogConfig: Setting CVar [[r.HairStrands.SkyLighting.IntegrationType:2]]
[2022.05.28-07.18.29:366][  0]LogConfig: Setting CVar [[r.HairStrands.SkyAO.SampleCount:4]]
[2022.05.28-07.18.29:366][  0]LogConfig: Setting CVar [[r.HairStrands.Visibility.MSAA.SamplePerPixel:4]]
[2022.05.28-07.18.29:366][  0]LogConfig: Applying CVar settings from Section [Startup] File [../../../Engine/Config/ConsoleVariables.ini]
[2022.05.28-07.18.29:367][  0]LogConfig: Setting CVar [[net.UseAdaptiveNetUpdateFrequency:0]]
[2022.05.28-07.18.29:367][  0]LogConfig: Setting CVar [[p.chaos.AllowCreatePhysxBodies:1]]
[2022.05.28-07.18.29:367][  0]LogConfig: Setting CVar [[fx.SkipVectorVMBackendOptimizations:1]]
[2022.05.28-07.18.29:367][  0]LogConfig: Applying CVar settings from Section [ConsoleVariables] File [C:/Users/fcbal/Documents/GitHub/CombatMap-LD/CombatMap_LD/Saved/Config/Windows/Engine.ini]
[2022.05.28-07.18.29:367][  0]LogConfig: Applying CVar settings from Section [ConsoleVariables] File [C:/Users/fcbal/Documents/GitHub/CombatMap-LD/CombatMap_LD/Saved/Config/Windows/Editor.ini]
[2022.05.28-07.18.29:367][  0]LogInit: Computer: ALBERT
[2022.05.28-07.18.29:367][  0]LogInit: User: fcbal
[2022.05.28-07.18.29:367][  0]LogInit: CPU Page size=4096, Cores=6
[2022.05.28-07.18.29:367][  0]LogInit: High frequency timer resolution =10.000000 MHz
[2022.05.28-07.18.29:367][  0]LogMemory: Memory total: Physical=15.9GB (16GB approx)
[2022.05.28-07.18.29:367][  0]LogMemory: Platform Memory Stats for Windows
[2022.05.28-07.18.29:367][  0]LogMemory: Process Physical Memory: 147.53 MB used, 147.53 MB peak
[2022.05.28-07.18.29:367][  0]LogMemory: Process Virtual Memory: 123.99 MB used, 123.99 MB peak
[2022.05.28-07.18.29:367][  0]LogMemory: Physical Memory: 7136.94 MB used,  9181.39 MB free, 16318.33 MB total
[2022.05.28-07.18.29:367][  0]LogMemory: Virtual Memory: 134210488.00 MB used,  7243.21 MB free, 134217728.00 MB total
[2022.05.28-07.18.29:371][  0]LogWindows: WindowsPlatformFeatures enabled
[2022.05.28-07.18.29:405][  0]LogInit: Physics initialised using underlying interface: PhysX
[2022.05.28-07.18.29:406][  0]LogInit: Using OS detected language (en-US).
[2022.05.28-07.18.29:406][  0]LogInit: Using OS detected locale (en-US).
[2022.05.28-07.18.29:408][  0]LogTextLocalizationManager: No specific localization for 'en-US' exists, so the 'en' localization will be used.
[2022.05.28-07.18.29:571][  0]LogInit: Setting process to per monitor DPI aware
[2022.05.28-07.18.29:582][  0]LogWindowsTextInputMethodSystem: Display: IME system deactivated.
[2022.05.28-07.18.29:592][  0]LogSlate: New Slate User Created.  User Index 0, Is Virtual User: 0
[2022.05.28-07.18.29:592][  0]LogSlate: Slate User Registered.  User Index 0, Is Virtual User: 0
[2022.05.28-07.18.29:685][  0]LogD3D11RHI: Loaded GFSDK_Aftermath_Lib.x64.dll
[2022.05.28-07.18.29:687][  0]LogHMD: Failed to initialize OpenVR with code 110
[2022.05.28-07.18.29:687][  0]LogD3D11RHI: D3D11 min allowed feature level: 11_0
[2022.05.28-07.18.29:687][  0]LogD3D11RHI: D3D11 max allowed feature level: 11_0
[2022.05.28-07.18.29:687][  0]LogD3D11RHI: D3D11 adapters:
[2022.05.28-07.18.29:769][  0]LogD3D11RHI:    0. 'NVIDIA GeForce RTX 2060' (Feature Level 11_0)
[2022.05.28-07.18.29:769][  0]LogD3D11RHI:       5980/0/8159 MB DedicatedVideo/DedicatedSystem/SharedSystem, Outputs:2, VendorId:0x10de
[2022.05.28-07.18.29:770][  0]LogD3D11RHI:    1. 'Microsoft Basic Render Driver' (Feature Level 11_0)
[2022.05.28-07.18.29:771][  0]LogD3D11RHI:       0/0/8159 MB DedicatedVideo/DedicatedSystem/SharedSystem, Outputs:0, VendorId:0x1414
[2022.05.28-07.18.29:771][  0]LogD3D11RHI: Chosen D3D11 Adapter:
[2022.05.28-07.18.29:771][  0]LogD3D11RHI:     Description : NVIDIA GeForce RTX 2060
[2022.05.28-07.18.29:771][  0]LogD3D11RHI:     VendorId    : 10de
[2022.05.28-07.18.29:771][  0]LogD3D11RHI:     DeviceId    : 1f08
[2022.05.28-07.18.29:771][  0]LogD3D11RHI:     SubSysId    : 452019da
[2022.05.28-07.18.29:771][  0]LogD3D11RHI:     Revision    : 00a1
[2022.05.28-07.18.29:771][  0]LogD3D11RHI:     DedicatedVideoMemory : 6270484480 bytes
[2022.05.28-07.18.29:771][  0]LogD3D11RHI:     DedicatedSystemMemory : 0 bytes
[2022.05.28-07.18.29:771][  0]LogD3D11RHI:     SharedSystemMemory : 8555505664 bytes
[2022.05.28-07.18.29:771][  0]LogD3D11RHI:     AdapterLuid : 0 58376
[2022.05.28-07.18.29:776][  0]LogD3D11RHI: Creating new Direct3DDevice
[2022.05.28-07.18.29:776][  0]LogD3D11RHI:     GPU DeviceId: 0x1f08 (for the marketing name, search the web for "GPU Device Id")
[2022.05.28-07.18.29:776][  0]LogWindows: EnumDisplayDevices:
[2022.05.28-07.18.29:777][  0]LogWindows:    0. 'NVIDIA GeForce RTX 2060' (P:1 D:1)
[2022.05.28-07.18.29:777][  0]LogWindows:    1. 'NVIDIA GeForce RTX 2060' (P:0 D:1)
[2022.05.28-07.18.29:777][  0]LogWindows:    2. 'NVIDIA GeForce RTX 2060' (P:0 D:0)
[2022.05.28-07.18.29:777][  0]LogWindows:    3. 'NVIDIA GeForce RTX 2060' (P:0 D:0)
[2022.05.28-07.18.29:777][  0]LogWindows: DebugString: FoundDriverCount:4 
[2022.05.28-07.18.29:777][  0]LogD3D11RHI:     Adapter Name: NVIDIA GeForce RTX 2060
[2022.05.28-07.18.29:777][  0]LogD3D11RHI:   Driver Version: 512.59 (internal:30.0.15.1259, unified:512.59)
[2022.05.28-07.18.29:777][  0]LogD3D11RHI:      Driver Date: 4-20-2022
[2022.05.28-07.18.29:777][  0]LogRHI: Texture pool is 4186 MB (70% of 5980 MB)
[2022.05.28-07.18.29:778][  0]LogD3D11RHI: Creating D3DDevice using adapter:
[2022.05.28-07.18.29:778][  0]LogD3D11RHI:     Description : NVIDIA GeForce RTX 2060
[2022.05.28-07.18.29:778][  0]LogD3D11RHI:     VendorId    : 10de
[2022.05.28-07.18.29:778][  0]LogD3D11RHI:     DeviceId    : 1f08
[2022.05.28-07.18.29:778][  0]LogD3D11RHI:     SubSysId    : 452019da
[2022.05.28-07.18.29:778][  0]LogD3D11RHI:     Revision    : 00a1
[2022.05.28-07.18.29:778][  0]LogD3D11RHI:     DedicatedVideoMemory : 6270484480 bytes
[2022.05.28-07.18.29:778][  0]LogD3D11RHI:     DedicatedSystemMemory : 0 bytes
[2022.05.28-07.18.29:778][  0]LogD3D11RHI:     SharedSystemMemory : 8555505664 bytes
[2022.05.28-07.18.29:778][  0]LogD3D11RHI:     AdapterLuid : 0 58376
[2022.05.28-07.18.29:813][  0]LogD3D11RHI: RHI has support for 64 bit atomics
[2022.05.28-07.18.29:813][  0]LogD3D11RHI: Async texture creation enabled
[2022.05.28-07.18.29:813][  0]LogD3D11RHI: Array index from any shader is supported
[2022.05.28-07.18.29:835][  0]LogD3D11RHI: GPU Timing Frequency: 1000.000000 (Debug: 2 1)
[2022.05.28-07.18.29:873][  0]LogRHI: GeForceNow SDK initialized: 1
[2022.05.28-07.18.30:123][  0]LogTargetPlatformManager: Display: Loaded TargetPlatform 'AllDesktop'
[2022.05.28-07.18.30:141][  0]LogTargetPlatformManager: Display: Loaded TargetPlatform 'Android'
[2022.05.28-07.18.30:141][  0]LogTargetPlatformManager: Display: Loaded TargetPlatform 'Android_ASTC'
[2022.05.28-07.18.30:141][  0]LogTargetPlatformManager: Display: Loaded TargetPlatform 'Android_DXT'
[2022.05.28-07.18.30:141][  0]LogTargetPlatformManager: Display: Loaded TargetPlatform 'Android_ETC2'
[2022.05.28-07.18.30:141][  0]LogTargetPlatformManager: Display: Loaded TargetPlatform 'AndroidClient'
[2022.05.28-07.18.30:141][  0]LogTargetPlatformManager: Display: Loaded TargetPlatform 'Android_ASTCClient'
[2022.05.28-07.18.30:141][  0]LogTargetPlatformManager: Display: Loaded TargetPlatform 'Android_DXTClient'
[2022.05.28-07.18.30:141][  0]LogTargetPlatformManager: Display: Loaded TargetPlatform 'Android_ETC2Client'
[2022.05.28-07.18.30:141][  0]LogTargetPlatformManager: Display: Loaded TargetPlatform 'Android_Multi'
[2022.05.28-07.18.30:141][  0]LogTargetPlatformManager: Display: Loaded TargetPlatform 'Android_MultiClient'
[2022.05.28-07.18.30:156][  0]LogTargetPlatformManager: Display: Loaded TargetPlatform 'IOSClient'
[2022.05.28-07.18.30:156][  0]LogTargetPlatformManager: Display: Loaded TargetPlatform 'IOS'
[2022.05.28-07.18.30:164][  0]LogTargetPlatformManager: Display: Loaded TargetPlatform 'Linux'
[2022.05.28-07.18.30:167][  0]LogTargetPlatformManager: Display: Loaded TargetPlatform 'LinuxNoEditor'
[2022.05.28-07.18.30:171][  0]LogTargetPlatformManager: Display: Loaded TargetPlatform 'LinuxClient'
[2022.05.28-07.18.30:174][  0]LogTargetPlatformManager: Display: Loaded TargetPlatform 'LinuxServer'
[2022.05.28-07.18.30:182][  0]LogTargetPlatformManager: Display: Loaded TargetPlatform 'LinuxAArch64NoEditor'
[2022.05.28-07.18.30:185][  0]LogTargetPlatformManager: Display: Loaded TargetPlatform 'LinuxAArch64Client'
[2022.05.28-07.18.30:189][  0]LogTargetPlatformManager: Display: Loaded TargetPlatform 'LinuxAArch64Server'
[2022.05.28-07.18.30:207][  0]LogTargetPlatformManager: Display: Loaded TargetPlatform 'Lumin'
[2022.05.28-07.18.30:207][  0]LogTargetPlatformManager: Display: Loaded TargetPlatform 'LuminClient'
[2022.05.28-07.18.30:214][  0]LogTargetPlatformManager: Display: Loaded TargetPlatform 'MacNoEditor'
[2022.05.28-07.18.30:218][  0]LogTargetPlatformManager: Display: Loaded TargetPlatform 'Mac'
[2022.05.28-07.18.30:222][  0]LogTargetPlatformManager: Display: Loaded TargetPlatform 'MacClient'
[2022.05.28-07.18.30:226][  0]LogTargetPlatformManager: Display: Loaded TargetPlatform 'MacServer'
[2022.05.28-07.18.30:234][  0]LogTargetPlatformManager: Display: Loaded TargetPlatform 'TVOSClient'
[2022.05.28-07.18.30:234][  0]LogTargetPlatformManager: Display: Loaded TargetPlatform 'TVOS'
[2022.05.28-07.18.30:241][  0]LogTargetPlatformManager: Display: Loaded TargetPlatform 'WindowsNoEditor'
[2022.05.28-07.18.30:245][  0]LogTargetPlatformManager: Display: Loaded TargetPlatform 'Windows'
[2022.05.28-07.18.30:248][  0]LogTargetPlatformManager: Display: Loaded TargetPlatform 'WindowsClient'
[2022.05.28-07.18.30:252][  0]LogTargetPlatformManager: Display: Loaded TargetPlatform 'WindowsServer'
[2022.05.28-07.18.30:252][  0]LogTargetPlatformManager: Display: Building Assets For Windows
[2022.05.28-07.18.30:258][  0]LogAudioDebug: Display: Lib vorbis DLL was dynamically loaded.
[2022.05.28-07.18.30:282][  0]LogTextureFormatOodle: Display: Oodle Texture 2.9.0 init RDO Off
[2022.05.28-07.18.30:309][  0]LogRendererCore: Ray tracing is disabled. Reason: r.RayTracing=0.
[2022.05.28-07.18.30:309][  0]LogShaderCompilers: Guid format shader working directory is -12 characters bigger than the processId version (C:/Users/fcbal/Documents/GitHub/CombatMap-LD/CombatMap_LD/Intermediate/Shaders/WorkingDirectory/16680/).
[2022.05.28-07.18.30:309][  0]LogShaderCompilers: Cleaned the shader compiler working directory 'C:/Users/fcbal/AppData/Local/Temp/UnrealShaderWorkingDir/F08FF3064B3CB6BDD5D83BA53C508940/'.
[2022.05.28-07.18.30:310][  0]LogXGEController: Cannot use XGE Controller as Incredibuild is not installed on this machine.
[2022.05.28-07.18.30:310][  0]LogShaderCompilers: Cannot use XGE Shader Compiler as Incredibuild is not installed on this machine.
[2022.05.28-07.18.30:310][  0]LogShaderCompilers: Display: Using Local Shader Compiler.
[2022.05.28-07.18.30:963][  0]LogDerivedDataCache: Display: Max Cache Size: 512 MB
[2022.05.28-07.18.31:017][  0]LogDerivedDataCache: Loaded boot cache 0.05s 94MB C:/Users/fcbal/AppData/Local/UnrealEngine/4.27/DerivedDataCache/Boot.ddc.
[2022.05.28-07.18.31:017][  0]LogDerivedDataCache: Display: Loaded Boot cache: C:/Users/fcbal/AppData/Local/UnrealEngine/4.27/DerivedDataCache/Boot.ddc
[2022.05.28-07.18.31:017][  0]LogDerivedDataCache: FDerivedDataBackendGraph:  Pak pak cache file C:/Users/fcbal/Documents/GitHub/CombatMap-LD/CombatMap_LD/DerivedDataCache/DDC.ddp not found, will not use a pak cache.
[2022.05.28-07.18.31:017][  0]LogDerivedDataCache: Unable to find inner node Pak for hierarchical cache Hierarchy.
[2022.05.28-07.18.31:017][  0]LogDerivedDataCache: FDerivedDataBackendGraph:  CompressedPak pak cache file C:/Users/fcbal/Documents/GitHub/CombatMap-LD/CombatMap_LD/DerivedDataCache/Compressed.ddp not found, will not use a pak cache.
[2022.05.28-07.18.31:017][  0]LogDerivedDataCache: Unable to find inner node CompressedPak for hierarchical cache Hierarchy.
[2022.05.28-07.18.31:032][  0]LogDerivedDataCache: Display: Pak cache opened for reading ../../../Engine/DerivedDataCache/Compressed.ddp.
[2022.05.28-07.18.31:032][  0]LogDerivedDataCache: FDerivedDataBackendGraph:  EnterprisePak pak cache file ../../../Enterprise/DerivedDataCache/Compressed.ddp not found, will not use a pak cache.
[2022.05.28-07.18.31:032][  0]LogDerivedDataCache: Unable to find inner node EnterprisePak for hierarchical cache Hierarchy.
[2022.05.28-07.18.31:040][  0]LogDerivedDataCache: Speed tests for C:/Users/fcbal/AppData/Local/UnrealEngine/Common/DerivedDataCache took 0.01 seconds
[2022.05.28-07.18.31:040][  0]LogDerivedDataCache: Display: Performance to C:/Users/fcbal/AppData/Local/UnrealEngine/Common/DerivedDataCache: Latency=0.02ms. RandomReadSpeed=1441.15MBs, RandomWriteSpeed=132.19MBs. Assigned SpeedClass 'Local'
[2022.05.28-07.18.31:042][  0]LogDerivedDataCache: Using Local data cache path C:/Users/fcbal/AppData/Local/UnrealEngine/Common/DerivedDataCache: Writable
[2022.05.28-07.18.31:042][  0]LogDerivedDataCache: Shared data cache path not found in *engine.ini, will not use an Shared cache.
[2022.05.28-07.18.31:042][  0]LogDerivedDataCache: Unable to find inner node Shared for hierarchical cache Hierarchy.
[2022.05.28-07.18.31:089][  0]LogSlate: Using FreeType 2.10.0
[2022.05.28-07.18.31:089][  0]LogSlate: SlateFontServices - WITH_FREETYPE: 1, WITH_HARFBUZZ: 1
[2022.05.28-07.18.31:109][  0]LogAssetRegistry: FAssetRegistry took 0.0023 seconds to start up
[2022.05.28-07.18.31:346][  0]LogInit: Selected Device Profile: [Windows]
[2022.05.28-07.18.31:346][  0]LogInit: Active device profile: [00000185C6F34900][00000185C62C5600 49] Windows
[2022.05.28-07.18.31:346][  0]LogInit: Profiles: [00000185C6F34900][00000185C62C5600 49] Windows, [00000185C6EF3800][00000185C62CD780 49] WindowsNoEditor, [00000185C6F37500][00000185C7D5F900 49] WindowsServer, [00000185C6EF0E00][00000185C7D7FA80 49] WindowsClient, [00000185C6F37800][00000185C7D83C00 49] IOS, [00000185C6EF2800][00000185C7DC2200 49] iPadAir, [00000185C6F36000][00000185C62D6380 49] iPadAir2, [00000185C6E64A00][00000185C7DD6640 49] IPadPro, [00000185C6E64B00][00000185C7DC6680 49] iPadAir3, [00000185C6EF1900][00000185C62C87C0 49] iPadAir4, [00000185C6E67400][00000185C778C900 49] iPadMini2, [00000185C6EF2A00][00000185C7790A40 49] iPadMini3, [00000185C6E65700][00000185C7794B80 49] iPadMini4, [00000185C6F35100][00000185BCBA2D00 49] iPadMini5, [00000185C6E6C300][00000185BCBAAFC0 49] iPhone6, [00000185C6E6C400][00000185BCBA7000 49] iPodTouch6, [00000185C6E63F00][00000185BCBB32C0 49] iPhone7, [00000185C6E63E00][00000185BCBAF300 49] iPodTouch7, [00000185C6EF2500][00000185BCBB7480 49] iPhone5S, [00000185C6E61A00][00000185BCBBB600 49] iPhone6Plus, [00000185C6E6C200][00000185BCBBF780 49] iPhone6S, [00000185C6E60600][00000185BCBDD900 49] iPhone6SPlus, [00000185C6E6E900][00000185BCBE9A80 49] iPhone7Plus, [00000185C6E63100][00000185C7925C00 49] iPhoneSE, [00000185C6E6E200][00000185C799E200 49] iPhone8, [00000185C6E63B00][00000185C79A2380 49] iPhone8Plus, [00000185C6E6C800][00000185C800E500 49] iPhoneX, [00000185C6E61600][00000185C3B42680 49] iPhoneXS, [00000185C6E6FC00][00000185C808E800 49] iPhoneXSMax, [00000185C6E60700][00000185C7798940 49] iPhoneXR, [00000185C6E6D300][00000185C80E6A80 49] iPhone11, [00000185C6E62700][00000185C80EABC0 49] iPhone11Pro, [00000185C6E6D000][00000185C80EED00 49] iPhone11ProMax, [00000185C6E62A00][00000185C80F6E80 49] iPhoneSE2, [00000185C6E6D400][00000185C80DF000 49] iPhone12Mini, [00000185C6E62400][00000185C80E3180 49] iPhone12, [00000185C6E6CD00][00000185C80FB300 49] iPhone12Pro, [00000185C6E62B00][00000185C80FF480 49] iPhone12ProMax, [00000185C6E6F000][00000185C8103600 49] iPadPro105, [00000185C6E60200][00000185C819B780 49] iPadPro129, [00000185C6E6EB00][00000185C819F900 49] iPadPro97, [00000185C6E62600][00000185C81A3A80 49] iPadPro2_129, [00000185C6E6FB00][00000185C81A7C00 49] iPad5, [00000185C6E62200][00000185C81AA200 49] iPad6, [00000185C6E6CF00][00000185C81AE380 49] iPad7, [00000185C6E61D00][00000185C81B2500 49] iPad8, [00000185C6E6C900][00000185C81B6680 49] iPadPro11, [00000185C6E60F00][00000185C81BA800 49] iPadPro2_11, [00000185C6E6F200][00000185C81BE980 49] iPadPro3_129, [00000185C6E63C00][00000185C81C2B00 49] iPadPro4_129, [00000185C6E6CC00][00000185C80F2C40 49] AppleTV, [00000185C6E62100][00000185C81C6D80 49] AppleTV4K, [00000185C6E6F100][00000185C81CAEC0 49] TVOS, [00000185C6E63400][00000185C81D3040 49] Mac, [00000185C6E6F800][00000185C81D71C0 49] MacClient, [00000185C6E61E00][00000185C81DB340 49] MacNoEditor, [00000185C6E6FF00][00000185C81DF4C0 49] MacServer, [00000185C6E62E00][00000185C81E3640 49] Linux, [00000185C6E6CB00][00000185C81E77C0 49] LinuxAArch64, [00000185C6E61F00][00000185C64B1940 49] LinuxNoEditor, [00000185C6E6DB00][00000185C62D3AC0 49] LinuxAArch64NoEditor, [00000185C6E63900][00000185C81EA0C0 49] LinuxClient, [00000185C6E6F500][00000185C7754240 49] LinuxAArch64Client, [00000185C6E62300][00000185C77583C0 49] LinuxServer, [00000185C6E6C500][00000185C775C540 49] LinuxAArch64Server, [00000185C6E60D00][00000185C77606C0 49] Android, [00000185C6E6D900][00000185C7764840 49] Android_Low, [00000185C6E63600][00000185C77689C0 49] Android_Mid, [00000185C6E6ED00][00000185C776CB40 49] Android_High, [00000185C6E63800][00000185C7770CC0 49] Android_Default, [00000185C6E6E100][00000185C81CEE00 49] Android_Adreno4xx, [00000185C6E60900][00000185C7774F40 49] Android_Adreno5xx_Low, [00000185C6E67600][00000185C7779080 49] Android_Adreno5xx, [00000185C6EF0900][00000185C7D871C0 49] Android_Adreno6xx, [00000185C6E65800][00000185C7D8F340 49] Android_Adreno6xx_Vulkan, [00000185C6EF0F00][00000185C7D934C0 49] Android_Mali_T6xx, [00000185C6E65200][00000185C7D97640 49] Android_Mali_T7xx, [00000185C6EF3900][00000185C7D9B7C0 49] Android_Mali_T8xx, [00000185C6E65E00][00000185C7D9F940 49] Android_Mali_G71, [00000185C6EF0500][00000185C7DA3AC0 49] Android_Mali_G72, [00000185C6E64600][00000185C7DA60C0 49] Android_Mali_G72_Vulkan, [00000185C6EF1200][00000185C7DAA240 49] Android_Mali_G76, [00000185C6E64100][00000185C7DAE3C0 49] Android_Mali_G76_Vulkan, [00000185C6EF1F00][00000185C7DB2540 49] Android_Mali_G77, [00000185C6E64C00][00000185C7DB66C0 49] Android_Mali_G77_Vulkan, [00000185C6EF0A00][00000185C7DBA840 49] Android_Mali_G78, [00000185C6E66C00][00000185C7DBE9C0 49] Android_Mali_G78_Vulkan, [00000185C6EF3600][00000185C8030B40 49] Android_Mali_G710, [00000185C6E66400][00000185C8034CC0 49] Android_Mali_G710_Vulkan, [00000185C6EF2700][00000185C8038E40 49] Android_Vulkan_SM5, [00000185C6E67B00][00000185C7D8AF80 49] Android_PowerVR_G6xxx, [00000185C6EF3400][00000185C803D0C0 49] Android_PowerVR_GT7xxx, [00000185C6E66300][00000185C8041200 49] Android_PowerVR_GE8xxx, [00000185C6EF2E00][00000185C8045340 49] Android_PowerVR_GM9xxx, [00000185C6E67F00][00000185C804D4C0 49] Android_PowerVR_GM9xxx_Vulkan, [00000185C6EF1600][00000185C8051640 49] Android_TegraK1, [00000185C6E64400][00000185C80557C0 49] Android_Unknown_Vulkan, [00000185C6EF2D00][00000185C8059940 49] Lumin, [00000185C6E64500][00000185C805DAC0 49] Lumin_Desktop, [00000185C6EF0D00][00000185C80600C0 49] HoloLens, 
[2022.05.28-07.18.31:465][  0]LogMeshReduction: Using QuadricMeshReduction for automatic static mesh reduction
[2022.05.28-07.18.31:465][  0]LogMeshReduction: Using SimplygonMeshReduction for automatic skeletal mesh reduction
[2022.05.28-07.18.31:465][  0]LogMeshReduction: Using ProxyLODMeshReduction for automatic mesh merging
[2022.05.28-07.18.31:465][  0]LogMeshReduction: No distributed automatic mesh merging module available
[2022.05.28-07.18.31:465][  0]LogMeshMerging: No distributed automatic mesh merging module available
[2022.05.28-07.18.31:478][  0]LogNetVersion: CombatMap_LD 1.0.0, NetCL: 17155196, EngineNetVer: 17, GameNetVer: 0 (Checksum: 1512710966)
[2022.05.28-07.18.31:841][  0]LogTexture: Default maximum texture size for cubemaps generated from long-lat sources has been changed from 512 to unlimited. In order to preserve old behaiour for '/Engine/MapTemplates/Sky/DaylightAmbientCubemap.DaylightAmbientCubemap', its maximum texture size has been explicitly set to 512.
[2022.05.28-07.18.31:889][  0]LogHMD: PokeAHoleMaterial loaded successfully
[2022.05.28-07.18.31:894][  0]LogUObjectArray: 17178 objects as part of root set at end of initial load.
[2022.05.28-07.18.31:894][  0]LogUObjectAllocator: 4302048 out of 0 bytes used by permanent object pool.
[2022.05.28-07.18.31:894][  0]LogUObjectArray: CloseDisregardForGC: 0/0 objects in disregard for GC pool
[2022.05.28-07.18.32:119][  0]LogNiagaraDebuggerClient: Niagara Debugger Client Initialized | Session: 78F94D684AC7115FEA746BABCCE3AA8E | Instance: 951E388742C35AB2593C19B413FDEA5A (ALBERT-16680).
[2022.05.28-07.18.32:222][  0]LogPython: Using Python 3.7.7
[2022.05.28-07.18.32:738][  0]LogTcpMessaging: Initializing TcpMessaging bridge
[2022.05.28-07.18.32:744][  0]LogUdpMessaging: Initializing bridge on interface 0.0.0.0:0 to multicast group 230.0.0.1:6666.
[2022.05.28-07.18.32:838][  0]SourceControl: Source control is disabled
[2022.05.28-07.18.32:838][  0]SourceControl: Source control is disabled
[2022.05.28-07.18.32:844][  0]SourceControl: Source control is disabled
[2022.05.28-07.18.32:847][  0]SourceControl: Source control is disabled
[2022.05.28-07.18.32:855][  0]SourceControl: Source control is disabled
[2022.05.28-07.18.32:860][  0]LogUProjectInfo: Found projects:
[2022.05.28-07.18.33:047][  0]LogOpenImageDenoise: OIDN starting up
[2022.05.28-07.18.33:067][  0]LogAndroidPermission: UAndroidPermissionCallbackProxy::GetInstance
[2022.05.28-07.18.33:086][  0]LogAudioCaptureCore: Display: No Audio Capture implementations found. Audio input will be silent.
[2022.05.28-07.18.33:086][  0]LogAudioCaptureCore: Display: No Audio Capture implementations found. Audio input will be silent.
[2022.05.28-07.18.33:186][  0]LogCollectionManager: Loaded 0 collections in 0.000556 seconds
[2022.05.28-07.18.33:205][  0]LogFileCache: Scanning file cache for directory 'C:/Users/fcbal/Documents/GitHub/CombatMap-LD/CombatMap_LD/Saved/Collections/' took 0.00s
[2022.05.28-07.18.33:205][  0]LogFileCache: Scanning file cache for directory 'C:/Users/fcbal/Documents/GitHub/CombatMap-LD/CombatMap_LD/Content/Developers/fcbal/Collections/' took 0.00s
[2022.05.28-07.18.33:205][  0]LogFileCache: Scanning file cache for directory 'C:/Users/fcbal/Documents/GitHub/CombatMap-LD/CombatMap_LD/Content/Collections/' took 0.00s
[2022.05.28-07.18.33:205][  0]LogOcInput: OculusInput pre-init called
[2022.05.28-07.18.33:412][  0]LogEngine: Initializing Engine...
[2022.05.28-07.18.33:414][  0]LogHMD: Failed to enumerate extensions. Please check that you have a valid OpenXR runtime installed.
[2022.05.28-07.18.33:414][  0]LogHMD: Failed to initialize OpenVR with code 110
[2022.05.28-07.18.33:414][  0]LogMagicLeap: Warning: VR disabled because ZI is not enabled.  To enable, in the editor, Edit -> Project Settings -> Plugins -> Magic Leap Plugin -> Enable Zero Iteration
[2022.05.28-07.18.33:415][  0]LogStats: UGameplayTagsManager::InitializeManager -  0.000 s
[2022.05.28-07.18.33:532][  0]LogInit: Initializing FReadOnlyCVARCache
[2022.05.28-07.18.33:541][  0]LogAIModule: Creating AISystem for world Untitled
[2022.05.28-07.18.33:541][  0]LogAudio: Display: Initializing Audio Device Manager...
[2022.05.28-07.18.33:544][  0]LogAudio: Display: Loading Default Audio Settings Objects...
[2022.05.28-07.18.33:544][  0]LogAudio: Display: No default SoundConcurrencyObject specified (or failed to load).
[2022.05.28-07.18.33:545][  0]LogAudio: Display: Audio Device Manager Initialized
[2022.05.28-07.18.33:545][  0]LogAudio: Display: Creating Audio Device:                 Id: 1, Scope: Shared, Realtime: True
[2022.05.28-07.18.33:545][  0]LogAudioMixer: Display: Audio Mixer Platform Settings:
[2022.05.28-07.18.33:545][  0]LogAudioMixer: Display: 	Sample Rate:						  48000
[2022.05.28-07.18.33:545][  0]LogAudioMixer: Display: 	Callback Buffer Frame Size Requested: 1024
[2022.05.28-07.18.33:545][  0]LogAudioMixer: Display: 	Callback Buffer Frame Size To Use:	  1024
[2022.05.28-07.18.33:545][  0]LogAudioMixer: Display: 	Number of buffers to queue:			  2
[2022.05.28-07.18.33:545][  0]LogAudioMixer: Display: 	Max Channels (voices):				  32
[2022.05.28-07.18.33:545][  0]LogAudioMixer: Display: 	Number of Async Source Workers:		  0
[2022.05.28-07.18.33:545][  0]LogAudio: Display: AudioDevice MaxSources: 32
[2022.05.28-07.18.33:545][  0]LogAudio: Display: Audio Spatialization Plugin: None (built-in).
[2022.05.28-07.18.33:545][  0]LogAudio: Display: Audio Reverb Plugin: None (built-in).
[2022.05.28-07.18.33:545][  0]LogAudio: Display: Audio Occlusion Plugin: None (built-in).
[2022.05.28-07.18.33:545][  0]LogAudioMixer: Display: Initializing audio mixer.
[2022.05.28-07.18.33:558][  0]LogAudioMixer: Display: 0: FrontLeft
[2022.05.28-07.18.33:558][  0]LogAudioMixer: Display: 1: FrontRight
[2022.05.28-07.18.33:575][  0]LogAudioMixer: Display: Using Audio Device Speakers (Realtek(R) Audio)
[2022.05.28-07.18.33:576][  0]LogAudioMixer: Display: Initializing Sound Submixes...
[2022.05.28-07.18.33:578][  0]LogAudioMixer: Display: Creating Master Submix 'MasterSubmixDefault'
[2022.05.28-07.18.33:578][  0]LogAudioMixer: Display: Creating Master Submix 'MasterReverbSubmixDefault'
[2022.05.28-07.18.33:579][  0]LogAudioMixer: Display: Creating Master Submix 'MasterEQSubmixDefault'
[2022.05.28-07.18.33:579][  0]LogAudioMixer: FMixerPlatformXAudio2::StartAudioStream() called
[2022.05.28-07.18.33:579][  0]LogAudioMixer: Display: Output buffers initialized: Frames=1024, Channels=2, Samples=2048
[2022.05.28-07.18.33:580][  0]LogAudioMixer: Display: Starting AudioMixerPlatformInterface::RunInternal()
[2022.05.28-07.18.33:580][  0]LogAudioMixer: Display: FMixerPlatformXAudio2::SubmitBuffer() called for the first time
[2022.05.28-07.18.33:580][  0]LogInit: FAudioDevice initialized.
[2022.05.28-07.18.33:580][  0]LogAudio: Display: Audio Device (ID: 1) registered with world 'Untitled'.
[2022.05.28-07.18.33:580][  0]LogNetVersion: Set ProjectVersion to 1.0.0.0. Version Checksum will be recalculated on next use.
[2022.05.28-07.18.33:660][  0]LogDerivedDataCache: Saved boot cache 0.08s 94MB C:/Users/fcbal/AppData/Local/UnrealEngine/4.27/DerivedDataCache/Boot.ddc.
[2022.05.28-07.18.33:660][  0]LogInit: Texture streaming: Enabled
[2022.05.28-07.18.33:675][  0]LogAnalytics: Display: [UEEditor.Rocket.Release] APIServer = https://datarouter.ol.epicgames.com/. AppVersion = 4.27.2-18319896+++UE4+Release-4.27
[2022.05.28-07.18.33:678][  0]LogEngineSessionManager: EngineSessionManager initialized
[2022.05.28-07.18.33:678][  0]LogEditorSessionSummary: Verbose: Initializing EditorSessionSummaryWriter for editor session tracking
[2022.05.28-07.18.33:680][  0]LogEditorSessionSummary: EditorSessionSummaryWriter initialized
[2022.05.28-07.18.33:709][  0]LogInit: Transaction tracking system initialized
[2022.05.28-07.18.33:729][  0]BlueprintLog: New page: Editor Load
[2022.05.28-07.18.33:779][  0]LocalizationService: Localization service is disabled
[2022.05.28-07.18.33:799][  0]TimingProfiler: Initialize
[2022.05.28-07.18.33:799][  0]TimingProfiler: OnSessionChanged
[2022.05.28-07.18.33:799][  0]LoadingProfiler: Initialize
[2022.05.28-07.18.33:799][  0]LoadingProfiler: OnSessionChanged
[2022.05.28-07.18.33:799][  0]NetworkingProfiler: Initialize
[2022.05.28-07.18.33:799][  0]NetworkingProfiler: OnSessionChanged
[2022.05.28-07.18.33:799][  0]MemoryProfiler: Initialize
[2022.05.28-07.18.33:799][  0]MemoryProfiler: OnSessionChanged
[2022.05.28-07.18.33:915][  0]LogCook: Display: CookSettings for Memory: MemoryMaxUsedVirtual 0MiB, MemoryMaxUsedPhysical 16384MiB, MemoryMinFreeVirtual 0MiB, MemoryMinFreePhysical 1024MiB
[2022.05.28-07.18.33:915][  0]LogCook: Display: Mobile HDR setting 1
[2022.05.28-07.18.33:933][  0]LogFileCache: Scanning file cache for directory 'C:/Users/fcbal/Documents/GitHub/CombatMap-LD/CombatMap_LD/Content/' took 0.01s
[2022.05.28-07.18.34:254][  0]LogInit: Display: Engine is initialized. Leaving FEngineLoop::Init()
[2022.05.28-07.18.34:257][  0]SourceControl: Source control is disabled
[2022.05.28-07.18.34:257][  0]LogUnrealEdMisc: Loading editor; pre map load, took 5.738
[2022.05.28-07.18.34:257][  0]Cmd: MAP LOAD FILE="C:/Users/fcbal/Documents/GitHub/CombatMap-LD/CombatMap_LD/Content/FirstPersonBP/Maps/FirstPersonExampleMap.umap" TEMPLATE=0 SHOWPROGRESS=1 FEATURELEVEL=3
[2022.05.28-07.18.34:257][  0]LightingResults: New page: Lighting Build
[2022.05.28-07.18.34:259][  0]LogWorld: UWorld::CleanupWorld for Untitled, bSessionEnded=true, bCleanupResources=true
[2022.05.28-07.18.34:259][  0]LogSlate: InvalidateAllWidgets triggered.  All widgets were invalidated
[2022.05.28-07.18.34:259][  0]MapCheck: New page: Map Check
[2022.05.28-07.18.34:259][  0]LightingResults: New page: Lighting Build
[2022.05.28-07.18.34:263][  0]LogAudio: Display: Audio Device unregistered from world 'None'.
[2022.05.28-07.18.34:266][  0]LogUObjectHash: Compacting FUObjectHashTables data took   0.79ms
[2022.05.28-07.18.34:390][  0]LogLinker: Warning: [AssetLog] C:\Users\fcbal\Documents\GitHub\CombatMap-LD\CombatMap_LD\Content\FirstPersonBP\Maps\FirstPersonExampleMap.umap: Failed to load '/Game/FirstPersonBP/Maps/FirstPersonExampleMap_BuiltData': Can't find file.
[2022.05.28-07.18.34:390][  0]LogLinker: Warning: [AssetLog] C:\Users\fcbal\Documents\GitHub\CombatMap-LD\CombatMap_LD\Content\FirstPersonBP\Maps\FirstPersonExampleMap.umap: Failed to load '/Game/FirstPersonBP/Maps/FirstPersonExampleMap_BuiltData': Can't find file.
[2022.05.28-07.18.34:390][  0]LogLinker: Warning: [AssetLog] C:\Users\fcbal\Documents\GitHub\CombatMap-LD\CombatMap_LD\Content\FirstPersonBP\Maps\FirstPersonExampleMap.umap: Failed to load '/Game/FirstPersonBP/Maps/FirstPersonExampleMap_BuiltData': Can't find file.
[2022.05.28-07.18.34:392][  0]LogLinker: Warning: Failed to load '/Game/FirstPersonBP/Maps/FirstPersonExampleMap_BuiltData': Can't find file.
[2022.05.28-07.18.34:392][  0]LogLinker: Warning: Failed to load '/Game/FirstPersonBP/Maps/FirstPersonExampleMap_BuiltData': Can't find file.
[2022.05.28-07.18.34:440][  0]LogLinker: Warning: [AssetLog] C:\Users\fcbal\Documents\GitHub\CombatMap-LD\CombatMap_LD\Content\FirstPersonBP\Maps\FirstPersonExampleMap.umap: Failed to load '/Game/FirstPersonBP/Maps/FirstPersonExampleMap_BuiltData': Can't find file.
[2022.05.28-07.18.34:440][  0]LoadErrors: Failed to load /Game/FirstPersonBP/Maps/FirstPersonExampleMap_BuiltData.FirstPersonExampleMap_BuiltData Referenced by PersistentLevel
[2022.05.28-07.18.34:512][  0]LogAudio: Display: Audio Device (ID: 1) registered with world 'FirstPersonExampleMap'.
[2022.05.28-07.18.34:513][  0]LogAIModule: Creating AISystem for world FirstPersonExampleMap
[2022.05.28-07.18.34:528][  0]LogEditorServer: Finished looking for orphan Actors (0.000 secs)
[2022.05.28-07.18.34:535][  0]LogUObjectHash: Compacting FUObjectHashTables data took   0.85ms
[2022.05.28-07.18.34:536][  0]Cmd: MAP CHECKDEP NOCLEARLOG
[2022.05.28-07.18.34:536][  0]MapCheck: Map check complete: 0 Error(s), 0 Warning(s), took 0.122ms to complete.
[2022.05.28-07.18.34:536][  0]LogFileHelpers: Loading map 'FirstPersonExampleMap' took 0.279
[2022.05.28-07.18.34:537][  0]LogUnrealEdMisc: Total Editor Startup Time, took 6.018
[2022.05.28-07.18.34:643][  0]LogSlate: Updating window title bar state: overlay mode, drag disabled, window buttons hidden, title bar hidden
[2022.05.28-07.18.34:649][  0]LogSlate: Updating window title bar state: overlay mode, drag disabled, window buttons hidden, title bar hidden
[2022.05.28-07.18.34:655][  0]LogSlate: Updating window title bar state: overlay mode, drag disabled, window buttons hidden, title bar hidden
[2022.05.28-07.18.34:660][  0]LogSlate: Updating window title bar state: overlay mode, drag disabled, window buttons hidden, title bar hidden
[2022.05.28-07.18.34:671][  0]LogNativeClassHierarchy: Verbose: Native class hierarchy populated in 0.0079 seconds. Added 3822 classes and 928 folders.
[2022.05.28-07.18.34:673][  0]LogNativeClassHierarchy: Verbose: Native class hierarchy updated for 'WidgetCarousel' in 0.0003 seconds. Added 0 classes and 0 folders.
[2022.05.28-07.18.34:674][  0]LogPakFile: PakFile PrimaryIndexSize=187
[2022.05.28-07.18.34:674][  0]LogPakFile: PakFile PathHashIndexSize=101
[2022.05.28-07.18.34:674][  0]LogPakFile: PakFile FullDirectoryIndexSize=148
[2022.05.28-07.18.34:674][  0]LogShaderLibrary: Display: ShaderCodeLibraryPakFileMountedCallback: PakFile 'D:/Unreal/UE_4.27/FeaturePacks/FP_FirstPerson.upack' (chunk index -1, root 'root:/') mounted
[2022.05.28-07.18.34:674][  0]LogShaderLibrary: Display: ShaderCodeLibraryPakFileMountedCallback: pending pak file info (ChunkID:-1 Root:root:/ File:D:/Unreal/UE_4.27/FeaturePacks/FP_FirstPerson.upack)
[2022.05.28-07.18.34:674][  0]LogPakFile: OnPakFileMounted2Time == 0.000049
[2022.05.28-07.18.34:674][  0]LogPakFile: PakFile PrimaryIndexSize=189
[2022.05.28-07.18.34:674][  0]LogPakFile: PakFile PathHashIndexSize=101
[2022.05.28-07.18.34:674][  0]LogPakFile: PakFile FullDirectoryIndexSize=152
[2022.05.28-07.18.34:674][  0]LogShaderLibrary: Display: ShaderCodeLibraryPakFileMountedCallback: PakFile 'D:/Unreal/UE_4.27/FeaturePacks/FP_FirstPersonBP.upack' (chunk index -1, root 'root:/') mounted
[2022.05.28-07.18.34:674][  0]LogShaderLibrary: Display: ShaderCodeLibraryPakFileMountedCallback: pending pak file info (ChunkID:-1 Root:root:/ File:D:/Unreal/UE_4.27/FeaturePacks/FP_FirstPersonBP.upack)
[2022.05.28-07.18.34:674][  0]LogPakFile: OnPakFileMounted2Time == 0.000032
[2022.05.28-07.18.34:675][  0]LogPakFile: PakFile PrimaryIndexSize=191
[2022.05.28-07.18.34:675][  0]LogPakFile: PakFile PathHashIndexSize=101
[2022.05.28-07.18.34:675][  0]LogPakFile: PakFile FullDirectoryIndexSize=160
[2022.05.28-07.18.34:675][  0]LogShaderLibrary: Display: ShaderCodeLibraryPakFileMountedCallback: PakFile 'D:/Unreal/UE_4.27/FeaturePacks/MobileStarterContent.upack' (chunk index -1, root 'root:/') mounted
[2022.05.28-07.18.34:675][  0]LogShaderLibrary: Display: ShaderCodeLibraryPakFileMountedCallback: pending pak file info (ChunkID:-1 Root:root:/ File:D:/Unreal/UE_4.27/FeaturePacks/MobileStarterContent.upack)
[2022.05.28-07.18.34:675][  0]LogPakFile: OnPakFileMounted2Time == 0.000029
[2022.05.28-07.18.34:675][  0]LogPakFile: PakFile PrimaryIndexSize=185
[2022.05.28-07.18.34:675][  0]LogPakFile: PakFile PathHashIndexSize=101
[2022.05.28-07.18.34:675][  0]LogPakFile: PakFile FullDirectoryIndexSize=148
[2022.05.28-07.18.34:675][  0]LogShaderLibrary: Display: ShaderCodeLibraryPakFileMountedCallback: PakFile 'D:/Unreal/UE_4.27/FeaturePacks/StarterContent.upack' (chunk index -1, root 'root:/') mounted
[2022.05.28-07.18.34:675][  0]LogShaderLibrary: Display: ShaderCodeLibraryPakFileMountedCallback: pending pak file info (ChunkID:-1 Root:root:/ File:D:/Unreal/UE_4.27/FeaturePacks/StarterContent.upack)
[2022.05.28-07.18.34:675][  0]LogPakFile: OnPakFileMounted2Time == 0.000030
[2022.05.28-07.18.34:675][  0]LogPakFile: PakFile PrimaryIndexSize=190
[2022.05.28-07.18.34:675][  0]LogPakFile: PakFile PathHashIndexSize=101
[2022.05.28-07.18.34:675][  0]LogPakFile: PakFile FullDirectoryIndexSize=154
[2022.05.28-07.18.34:675][  0]LogShaderLibrary: Display: ShaderCodeLibraryPakFileMountedCallback: PakFile 'D:/Unreal/UE_4.27/FeaturePacks/TP_2DSideScroller.upack' (chunk index -1, root 'root:/') mounted
[2022.05.28-07.18.34:675][  0]LogShaderLibrary: Display: ShaderCodeLibraryPakFileMountedCallback: pending pak file info (ChunkID:-1 Root:root:/ File:D:/Unreal/UE_4.27/FeaturePacks/TP_2DSideScroller.upack)
[2022.05.28-07.18.34:675][  0]LogPakFile: OnPakFileMounted2Time == 0.000030
[2022.05.28-07.18.34:676][  0]LogPakFile: PakFile PrimaryIndexSize=192
[2022.05.28-07.18.34:676][  0]LogPakFile: PakFile PathHashIndexSize=101
[2022.05.28-07.18.34:676][  0]LogPakFile: PakFile FullDirectoryIndexSize=158
[2022.05.28-07.18.34:676][  0]LogShaderLibrary: Display: ShaderCodeLibraryPakFileMountedCallback: PakFile 'D:/Unreal/UE_4.27/FeaturePacks/TP_2DSideScrollerBP.upack' (chunk index -1, root 'root:/') mounted
[2022.05.28-07.18.34:676][  0]LogShaderLibrary: Display: ShaderCodeLibraryPakFileMountedCallback: pending pak file info (ChunkID:-1 Root:root:/ File:D:/Unreal/UE_4.27/FeaturePacks/TP_2DSideScrollerBP.upack)
[2022.05.28-07.18.34:676][  0]LogPakFile: OnPakFileMounted2Time == 0.000028
[2022.05.28-07.18.34:676][  0]LogPakFile: PakFile PrimaryIndexSize=182
[2022.05.28-07.18.34:676][  0]LogPakFile: PakFile PathHashIndexSize=101
[2022.05.28-07.18.34:676][  0]LogPakFile: PakFile FullDirectoryIndexSize=138
[2022.05.28-07.18.34:676][  0]LogShaderLibrary: Display: ShaderCodeLibraryPakFileMountedCallback: PakFile 'D:/Unreal/UE_4.27/FeaturePacks/TP_Flying.upack' (chunk index -1, root 'root:/') mounted
[2022.05.28-07.18.34:676][  0]LogShaderLibrary: Display: ShaderCodeLibraryPakFileMountedCallback: pending pak file info (ChunkID:-1 Root:root:/ File:D:/Unreal/UE_4.27/FeaturePacks/TP_Flying.upack)
[2022.05.28-07.18.34:676][  0]LogPakFile: OnPakFileMounted2Time == 0.000032
[2022.05.28-07.18.34:676][  0]LogPakFile: PakFile PrimaryIndexSize=184
[2022.05.28-07.18.34:676][  0]LogPakFile: PakFile PathHashIndexSize=101
[2022.05.28-07.18.34:676][  0]LogPakFile: PakFile FullDirectoryIndexSize=142
[2022.05.28-07.18.34:676][  0]LogShaderLibrary: Display: ShaderCodeLibraryPakFileMountedCallback: PakFile 'D:/Unreal/UE_4.27/FeaturePacks/TP_FlyingBP.upack' (chunk index -1, root 'root:/') mounted
[2022.05.28-07.18.34:677][  0]LogShaderLibrary: Display: ShaderCodeLibraryPakFileMountedCallback: pending pak file info (ChunkID:-1 Root:root:/ File:D:/Unreal/UE_4.27/FeaturePacks/TP_FlyingBP.upack)
[2022.05.28-07.18.34:677][  0]LogPakFile: OnPakFileMounted2Time == 0.000029
[2022.05.28-07.18.34:677][  0]LogPakFile: PakFile PrimaryIndexSize=188
[2022.05.28-07.18.34:677][  0]LogPakFile: PakFile PathHashIndexSize=101
[2022.05.28-07.18.34:677][  0]LogPakFile: PakFile FullDirectoryIndexSize=150
[2022.05.28-07.18.34:677][  0]LogShaderLibrary: Display: ShaderCodeLibraryPakFileMountedCallback: PakFile 'D:/Unreal/UE_4.27/FeaturePacks/TP_HandheldARBP.upack' (chunk index -1, root 'root:/') mounted
[2022.05.28-07.18.34:677][  0]LogShaderLibrary: Display: ShaderCodeLibraryPakFileMountedCallback: pending pak file info (ChunkID:-1 Root:root:/ File:D:/Unreal/UE_4.27/FeaturePacks/TP_HandheldARBP.upack)
[2022.05.28-07.18.34:677][  0]LogPakFile: OnPakFileMounted2Time == 0.000028
[2022.05.28-07.18.34:677][  0]LogPakFile: PakFile PrimaryIndexSize=182
[2022.05.28-07.18.34:677][  0]LogPakFile: PakFile PathHashIndexSize=101
[2022.05.28-07.18.34:677][  0]LogPakFile: PakFile FullDirectoryIndexSize=138
[2022.05.28-07.18.34:677][  0]LogShaderLibrary: Display: ShaderCodeLibraryPakFileMountedCallback: PakFile 'D:/Unreal/UE_4.27/FeaturePacks/TP_Puzzle.upack' (chunk index -1, root 'root:/') mounted
[2022.05.28-07.18.34:677][  0]LogShaderLibrary: Display: ShaderCodeLibraryPakFileMountedCallback: pending pak file info (ChunkID:-1 Root:root:/ File:D:/Unreal/UE_4.27/FeaturePacks/TP_Puzzle.upack)
[2022.05.28-07.18.34:677][  0]LogPakFile: OnPakFileMounted2Time == 0.000028
[2022.05.28-07.18.34:678][  0]LogPakFile: PakFile PrimaryIndexSize=184
[2022.05.28-07.18.34:678][  0]LogPakFile: PakFile PathHashIndexSize=101
[2022.05.28-07.18.34:678][  0]LogPakFile: PakFile FullDirectoryIndexSize=142
[2022.05.28-07.18.34:678][  0]LogShaderLibrary: Display: ShaderCodeLibraryPakFileMountedCallback: PakFile 'D:/Unreal/UE_4.27/FeaturePacks/TP_PuzzleBP.upack' (chunk index -1, root 'root:/') mounted
[2022.05.28-07.18.34:678][  0]LogShaderLibrary: Display: ShaderCodeLibraryPakFileMountedCallback: pending pak file info (ChunkID:-1 Root:root:/ File:D:/Unreal/UE_4.27/FeaturePacks/TP_PuzzleBP.upack)
[2022.05.28-07.18.34:678][  0]LogPakFile: OnPakFileMounted2Time == 0.000028
[2022.05.28-07.18.34:678][  0]LogPakFile: PakFile PrimaryIndexSize=183
[2022.05.28-07.18.34:678][  0]LogPakFile: PakFile PathHashIndexSize=101
[2022.05.28-07.18.34:678][  0]LogPakFile: PakFile FullDirectoryIndexSize=140
[2022.05.28-07.18.34:678][  0]LogShaderLibrary: Display: ShaderCodeLibraryPakFileMountedCallback: PakFile 'D:/Unreal/UE_4.27/FeaturePacks/TP_Rolling.upack' (chunk index -1, root 'root:/') mounted
[2022.05.28-07.18.34:678][  0]LogShaderLibrary: Display: ShaderCodeLibraryPakFileMountedCallback: pending pak file info (ChunkID:-1 Root:root:/ File:D:/Unreal/UE_4.27/FeaturePacks/TP_Rolling.upack)
[2022.05.28-07.18.34:678][  0]LogPakFile: OnPakFileMounted2Time == 0.000028
[2022.05.28-07.18.34:679][  0]LogPakFile: PakFile PrimaryIndexSize=185
[2022.05.28-07.18.34:679][  0]LogPakFile: PakFile PathHashIndexSize=101
[2022.05.28-07.18.34:679][  0]LogPakFile: PakFile FullDirectoryIndexSize=144
[2022.05.28-07.18.34:679][  0]LogShaderLibrary: Display: ShaderCodeLibraryPakFileMountedCallback: PakFile 'D:/Unreal/UE_4.27/FeaturePacks/TP_RollingBP.upack' (chunk index -1, root 'root:/') mounted
[2022.05.28-07.18.34:679][  0]LogShaderLibrary: Display: ShaderCodeLibraryPakFileMountedCallback: pending pak file info (ChunkID:-1 Root:root:/ File:D:/Unreal/UE_4.27/FeaturePacks/TP_RollingBP.upack)
[2022.05.28-07.18.34:679][  0]LogPakFile: OnPakFileMounted2Time == 0.000028
[2022.05.28-07.18.34:679][  0]LogPakFile: PakFile PrimaryIndexSize=188
[2022.05.28-07.18.34:679][  0]LogPakFile: PakFile PathHashIndexSize=101
[2022.05.28-07.18.34:679][  0]LogPakFile: PakFile FullDirectoryIndexSize=150
[2022.05.28-07.18.34:679][  0]LogShaderLibrary: Display: ShaderCodeLibraryPakFileMountedCallback: PakFile 'D:/Unreal/UE_4.27/FeaturePacks/TP_SideScroller.upack' (chunk index -1, root 'root:/') mounted
[2022.05.28-07.18.34:679][  0]LogShaderLibrary: Display: ShaderCodeLibraryPakFileMountedCallback: pending pak file info (ChunkID:-1 Root:root:/ File:D:/Unreal/UE_4.27/FeaturePacks/TP_SideScroller.upack)
[2022.05.28-07.18.34:679][  0]LogPakFile: OnPakFileMounted2Time == 0.000032
[2022.05.28-07.18.34:679][  0]LogPakFile: PakFile PrimaryIndexSize=190
[2022.05.28-07.18.34:679][  0]LogPakFile: PakFile PathHashIndexSize=101
[2022.05.28-07.18.34:679][  0]LogPakFile: PakFile FullDirectoryIndexSize=154
[2022.05.28-07.18.34:679][  0]LogShaderLibrary: Display: ShaderCodeLibraryPakFileMountedCallback: PakFile 'D:/Unreal/UE_4.27/FeaturePacks/TP_SideScrollerBP.upack' (chunk index -1, root 'root:/') mounted
[2022.05.28-07.18.34:679][  0]LogShaderLibrary: Display: ShaderCodeLibraryPakFileMountedCallback: pending pak file info (ChunkID:-1 Root:root:/ File:D:/Unreal/UE_4.27/FeaturePacks/TP_SideScrollerBP.upack)
[2022.05.28-07.18.34:679][  0]LogPakFile: OnPakFileMounted2Time == 0.000029
[2022.05.28-07.18.34:680][  0]LogPakFile: PakFile PrimaryIndexSize=187
[2022.05.28-07.18.34:680][  0]LogPakFile: PakFile PathHashIndexSize=101
[2022.05.28-07.18.34:680][  0]LogPakFile: PakFile FullDirectoryIndexSize=148
[2022.05.28-07.18.34:680][  0]LogShaderLibrary: Display: ShaderCodeLibraryPakFileMountedCallback: PakFile 'D:/Unreal/UE_4.27/FeaturePacks/TP_ThirdPerson.upack' (chunk index -1, root 'root:/') mounted
[2022.05.28-07.18.34:680][  0]LogShaderLibrary: Display: ShaderCodeLibraryPakFileMountedCallback: pending pak file info (ChunkID:-1 Root:root:/ File:D:/Unreal/UE_4.27/FeaturePacks/TP_ThirdPerson.upack)
[2022.05.28-07.18.34:680][  0]LogPakFile: OnPakFileMounted2Time == 0.000028
[2022.05.28-07.18.34:680][  0]LogPakFile: PakFile PrimaryIndexSize=189
[2022.05.28-07.18.34:680][  0]LogPakFile: PakFile PathHashIndexSize=101
[2022.05.28-07.18.34:680][  0]LogPakFile: PakFile FullDirectoryIndexSize=152
[2022.05.28-07.18.34:680][  0]LogShaderLibrary: Display: ShaderCodeLibraryPakFileMountedCallback: PakFile 'D:/Unreal/UE_4.27/FeaturePacks/TP_ThirdPersonBP.upack' (chunk index -1, root 'root:/') mounted
[2022.05.28-07.18.34:680][  0]LogShaderLibrary: Display: ShaderCodeLibraryPakFileMountedCallback: pending pak file info (ChunkID:-1 Root:root:/ File:D:/Unreal/UE_4.27/FeaturePacks/TP_ThirdPersonBP.upack)
[2022.05.28-07.18.34:680][  0]LogPakFile: OnPakFileMounted2Time == 0.000028
[2022.05.28-07.18.34:680][  0]LogPakFile: PakFile PrimaryIndexSize=183
[2022.05.28-07.18.34:680][  0]LogPakFile: PakFile PathHashIndexSize=101
[2022.05.28-07.18.34:680][  0]LogPakFile: PakFile FullDirectoryIndexSize=140
[2022.05.28-07.18.34:680][  0]LogShaderLibrary: Display: ShaderCodeLibraryPakFileMountedCallback: PakFile 'D:/Unreal/UE_4.27/FeaturePacks/TP_TopDown.upack' (chunk index -1, root 'root:/') mounted
[2022.05.28-07.18.34:680][  0]LogShaderLibrary: Display: ShaderCodeLibraryPakFileMountedCallback: pending pak file info (ChunkID:-1 Root:root:/ File:D:/Unreal/UE_4.27/FeaturePacks/TP_TopDown.upack)
[2022.05.28-07.18.34:680][  0]LogPakFile: OnPakFileMounted2Time == 0.000036
[2022.05.28-07.18.34:681][  0]LogPakFile: PakFile PrimaryIndexSize=185
[2022.05.28-07.18.34:681][  0]LogPakFile: PakFile PathHashIndexSize=101
[2022.05.28-07.18.34:681][  0]LogPakFile: PakFile FullDirectoryIndexSize=144
[2022.05.28-07.18.34:681][  0]LogShaderLibrary: Display: ShaderCodeLibraryPakFileMountedCallback: PakFile 'D:/Unreal/UE_4.27/FeaturePacks/TP_TopDownBP.upack' (chunk index -1, root 'root:/') mounted
[2022.05.28-07.18.34:681][  0]LogShaderLibrary: Display: ShaderCodeLibraryPakFileMountedCallback: pending pak file info (ChunkID:-1 Root:root:/ File:D:/Unreal/UE_4.27/FeaturePacks/TP_TopDownBP.upack)
[2022.05.28-07.18.34:681][  0]LogPakFile: OnPakFileMounted2Time == 0.000028
[2022.05.28-07.18.34:681][  0]LogPakFile: PakFile PrimaryIndexSize=185
[2022.05.28-07.18.34:681][  0]LogPakFile: PakFile PathHashIndexSize=101
[2022.05.28-07.18.34:681][  0]LogPakFile: PakFile FullDirectoryIndexSize=144
[2022.05.28-07.18.34:681][  0]LogShaderLibrary: Display: ShaderCodeLibraryPakFileMountedCallback: PakFile 'D:/Unreal/UE_4.27/FeaturePacks/TP_TwinStick.upack' (chunk index -1, root 'root:/') mounted
[2022.05.28-07.18.34:681][  0]LogShaderLibrary: Display: ShaderCodeLibraryPakFileMountedCallback: pending pak file info (ChunkID:-1 Root:root:/ File:D:/Unreal/UE_4.27/FeaturePacks/TP_TwinStick.upack)
[2022.05.28-07.18.34:681][  0]LogPakFile: OnPakFileMounted2Time == 0.000028
[2022.05.28-07.18.34:682][  0]LogPakFile: PakFile PrimaryIndexSize=187
[2022.05.28-07.18.34:682][  0]LogPakFile: PakFile PathHashIndexSize=101
[2022.05.28-07.18.34:682][  0]LogPakFile: PakFile FullDirectoryIndexSize=148
[2022.05.28-07.18.34:682][  0]LogShaderLibrary: Display: ShaderCodeLibraryPakFileMountedCallback: PakFile 'D:/Unreal/UE_4.27/FeaturePacks/TP_TwinStickBP.upack' (chunk index -1, root 'root:/') mounted
[2022.05.28-07.18.34:682][  0]LogShaderLibrary: Display: ShaderCodeLibraryPakFileMountedCallback: pending pak file info (ChunkID:-1 Root:root:/ File:D:/Unreal/UE_4.27/FeaturePacks/TP_TwinStickBP.upack)
[2022.05.28-07.18.34:682][  0]LogPakFile: OnPakFileMounted2Time == 0.000028
[2022.05.28-07.18.34:682][  0]LogPakFile: PakFile PrimaryIndexSize=183
[2022.05.28-07.18.34:682][  0]LogPakFile: PakFile PathHashIndexSize=101
[2022.05.28-07.18.34:682][  0]LogPakFile: PakFile FullDirectoryIndexSize=140
[2022.05.28-07.18.34:682][  0]LogShaderLibrary: Display: ShaderCodeLibraryPakFileMountedCallback: PakFile 'D:/Unreal/UE_4.27/FeaturePacks/TP_Vehicle.upack' (chunk index -1, root 'root:/') mounted
[2022.05.28-07.18.34:682][  0]LogShaderLibrary: Display: ShaderCodeLibraryPakFileMountedCallback: pending pak file info (ChunkID:-1 Root:root:/ File:D:/Unreal/UE_4.27/FeaturePacks/TP_Vehicle.upack)
[2022.05.28-07.18.34:682][  0]LogPakFile: OnPakFileMounted2Time == 0.000028
[2022.05.28-07.18.34:682][  0]LogPakFile: PakFile PrimaryIndexSize=186
[2022.05.28-07.18.34:682][  0]LogPakFile: PakFile PathHashIndexSize=101
[2022.05.28-07.18.34:682][  0]LogPakFile: PakFile FullDirectoryIndexSize=146
[2022.05.28-07.18.34:682][  0]LogShaderLibrary: Display: ShaderCodeLibraryPakFileMountedCallback: PakFile 'D:/Unreal/UE_4.27/FeaturePacks/TP_VehicleAdv.upack' (chunk index -1, root 'root:/') mounted
[2022.05.28-07.18.34:682][  0]LogShaderLibrary: Display: ShaderCodeLibraryPakFileMountedCallback: pending pak file info (ChunkID:-1 Root:root:/ File:D:/Unreal/UE_4.27/FeaturePacks/TP_VehicleAdv.upack)
[2022.05.28-07.18.34:682][  0]LogPakFile: OnPakFileMounted2Time == 0.000032
[2022.05.28-07.18.34:683][  0]LogPakFile: PakFile PrimaryIndexSize=188
[2022.05.28-07.18.34:683][  0]LogPakFile: PakFile PathHashIndexSize=101
[2022.05.28-07.18.34:683][  0]LogPakFile: PakFile FullDirectoryIndexSize=150
[2022.05.28-07.18.34:683][  0]LogShaderLibrary: Display: ShaderCodeLibraryPakFileMountedCallback: PakFile 'D:/Unreal/UE_4.27/FeaturePacks/TP_VehicleAdvBP.upack' (chunk index -1, root 'root:/') mounted
[2022.05.28-07.18.34:683][  0]LogShaderLibrary: Display: ShaderCodeLibraryPakFileMountedCallback: pending pak file info (ChunkID:-1 Root:root:/ File:D:/Unreal/UE_4.27/FeaturePacks/TP_VehicleAdvBP.upack)
[2022.05.28-07.18.34:683][  0]LogPakFile: OnPakFileMounted2Time == 0.000028
[2022.05.28-07.18.34:683][  0]LogPakFile: PakFile PrimaryIndexSize=185
[2022.05.28-07.18.34:683][  0]LogPakFile: PakFile PathHashIndexSize=101
[2022.05.28-07.18.34:683][  0]LogPakFile: PakFile FullDirectoryIndexSize=144
[2022.05.28-07.18.34:683][  0]LogShaderLibrary: Display: ShaderCodeLibraryPakFileMountedCallback: PakFile 'D:/Unreal/UE_4.27/FeaturePacks/TP_VehicleBP.upack' (chunk index -1, root 'root:/') mounted
[2022.05.28-07.18.34:683][  0]LogShaderLibrary: Display: ShaderCodeLibraryPakFileMountedCallback: pending pak file info (ChunkID:-1 Root:root:/ File:D:/Unreal/UE_4.27/FeaturePacks/TP_VehicleBP.upack)
[2022.05.28-07.18.34:683][  0]LogPakFile: OnPakFileMounted2Time == 0.000034
[2022.05.28-07.18.34:684][  0]LogPakFile: PakFile PrimaryIndexSize=192
[2022.05.28-07.18.34:684][  0]LogPakFile: PakFile PathHashIndexSize=101
[2022.05.28-07.18.34:684][  0]LogPakFile: PakFile FullDirectoryIndexSize=158
[2022.05.28-07.18.34:684][  0]LogShaderLibrary: Display: ShaderCodeLibraryPakFileMountedCallback: PakFile 'D:/Unreal/UE_4.27/FeaturePacks/TP_VirtualRealityBP.upack' (chunk index -1, root 'root:/') mounted
[2022.05.28-07.18.34:684][  0]LogShaderLibrary: Display: ShaderCodeLibraryPakFileMountedCallback: pending pak file info (ChunkID:-1 Root:root:/ File:D:/Unreal/UE_4.27/FeaturePacks/TP_VirtualRealityBP.upack)
[2022.05.28-07.18.34:684][  0]LogPakFile: OnPakFileMounted2Time == 0.000028
[2022.05.28-07.18.34:712][  0]LogNativeClassHierarchy: Verbose: Native class hierarchy updated for 'AddContentDialog' in 0.0003 seconds. Added 0 classes and 0 folders.
[2022.05.28-07.18.34:751][  0]LogSlate: Took 0.000154 seconds to synchronously load lazily loaded font '../../../Engine/Content/Slate/Fonts/Roboto-Regular.ttf' (155K)
[2022.05.28-07.18.34:753][  0]LogSlate: Took 0.000143 seconds to synchronously load lazily loaded font '../../../Engine/Content/Editor/Slate/Fonts/FontAwesome.ttf' (139K)
[2022.05.28-07.18.34:755][  0]LogSlate: Took 0.000127 seconds to synchronously load lazily loaded font '../../../Engine/Content/Slate/Fonts/Roboto-Bold.ttf' (160K)
[2022.05.28-07.18.34:847][  0]LogRenderer: Reallocating scene render targets to support 1192x480 Format 10 NumSamples 1 (Frame:1).
[2022.05.28-07.18.34:893][  0]LogSlate: Took 0.000139 seconds to synchronously load lazily loaded font '../../../Engine/Content/Slate/Fonts/Roboto-Light.ttf' (167K)
[2022.05.28-07.18.34:938][  0]LogNativeClassHierarchy: Verbose: Native class hierarchy updated for 'HierarchicalLODOutliner' in 0.0004 seconds. Added 0 classes and 0 folders.
[2022.05.28-07.18.34:938][  0]LogLoad: (Engine Initialization) Total time: 6.42 seconds
[2022.05.28-07.18.34:938][  0]LogLoad: (Engine Initialization) Total Blueprint compile time: 0.00 seconds
[2022.05.28-07.18.35:009][  0]LogContentStreaming: Texture pool size now 1000 MB
[2022.05.28-07.18.35:060][  0]LogSlate: Took 0.000127 seconds to synchronously load lazily loaded font '../../../Engine/Content/Slate/Fonts/DroidSansMono.ttf' (77K)
[2022.05.28-07.18.35:081][  1]LogAssetRegistry: Asset discovery search completed in 3.9733 seconds
[2022.05.28-07.18.35:086][  1]LogCollectionManager: Fixed up redirectors for 0 collections in 0.000004 seconds (updated 0 objects)
[2022.05.28-07.18.41:551][243]LogSlate: Window 'Message Log' being destroyed
[2022.05.28-07.18.41:554][243]LogSlate: Window 'Message Log' being destroyed
